2017-09-20 13:27:26,880{GMT}	INFO	[jepsen test runner] jepsen.core: Running test:
 {:nodes-file "/home/admin/nodes",
 :concurrency 5,
 :db
 #object[jepsen.etcdemo.Etcd 0x721fc2e3 "jepsen.etcdemo.Etcd@721fc2e3"],
 :name "etcdemo",
 :start-time
 #object[org.joda.time.DateTime 0x15d65fcf "2017-09-20T13:27:26.000Z"],
 :net
 #object[jepsen.net$reify__187 0x79f1e22e "jepsen.net$reify__187@79f1e22e"],
 :client {:conn nil},
 :barrier
 #object[java.util.concurrent.CyclicBarrier 0x3212d853 "java.util.concurrent.CyclicBarrier@3212d853"],
 :ssh
 {:username "admin",
  :password "root",
  :strict-host-key-checking false,
  :private-key-path nil},
 :checker
 #object[jepsen.checker$unbridled_optimism$reify__3133 0x4d290757 "jepsen.checker$unbridled_optimism$reify__3133@4d290757"],
 :nemesis
 #object[jepsen.nemesis$reify__220 0x50ff7063 "jepsen.nemesis$reify__220@50ff7063"],
 :active-histories #<Atom@7f8c48f3: #{}>,
 :nodes
 ["ec2-18-194-87-54.eu-central-1.compute.amazonaws.com"
  "ec2-18-196-0-107.eu-central-1.compute.amazonaws.com"
  "ec2-18-194-134-185.eu-central-1.compute.amazonaws.com"
  "ec2-18-194-52-75.eu-central-1.compute.amazonaws.com"
  "ec2-35-156-80-2.eu-central-1.compute.amazonaws.com"],
 :test-count 1,
 :generator
 #object[jepsen.generator$time_limit$reify__1895 0x6b24ddd7 "jepsen.generator$time_limit$reify__1895@6b24ddd7"],
 :os
 #object[jepsen.os.debian$reify__414 0x5a899811 "jepsen.os.debian$reify__414@5a899811"],
 :time-limit 60,
 :model {}}

2017-09-20 13:27:27,635{GMT}	INFO	[jepsen node ec2-35-156-80-2.eu-central-1.compute.amazonaws.com] jepsen.os.debian: ec2-35-156-80-2.eu-central-1.compute.amazonaws.com setting up debian
2017-09-20 13:27:27,637{GMT}	INFO	[jepsen node ec2-18-194-52-75.eu-central-1.compute.amazonaws.com] jepsen.os.debian: ec2-18-194-52-75.eu-central-1.compute.amazonaws.com setting up debian
2017-09-20 13:27:27,637{GMT}	INFO	[jepsen node ec2-18-194-134-185.eu-central-1.compute.amazonaws.com] jepsen.os.debian: ec2-18-194-134-185.eu-central-1.compute.amazonaws.com setting up debian
2017-09-20 13:27:27,638{GMT}	INFO	[jepsen node ec2-18-194-87-54.eu-central-1.compute.amazonaws.com] jepsen.os.debian: ec2-18-194-87-54.eu-central-1.compute.amazonaws.com setting up debian
2017-09-20 13:27:27,638{GMT}	INFO	[jepsen node ec2-18-196-0-107.eu-central-1.compute.amazonaws.com] jepsen.os.debian: ec2-18-196-0-107.eu-central-1.compute.amazonaws.com setting up debian
2017-09-20 13:27:29,287{GMT}	INFO	[jepsen node ec2-18-194-134-185.eu-central-1.compute.amazonaws.com] jepsen.etcdemo: Tearing down etcd
2017-09-20 13:27:29,287{GMT}	INFO	[jepsen node ec2-18-194-87-54.eu-central-1.compute.amazonaws.com] jepsen.etcdemo: Tearing down etcd
2017-09-20 13:27:29,287{GMT}	INFO	[jepsen node ec2-35-156-80-2.eu-central-1.compute.amazonaws.com] jepsen.etcdemo: Tearing down etcd
2017-09-20 13:27:29,287{GMT}	INFO	[jepsen node ec2-18-194-87-54.eu-central-1.compute.amazonaws.com] jepsen.control.util: Stopping etcd
2017-09-20 13:27:29,287{GMT}	INFO	[jepsen node ec2-35-156-80-2.eu-central-1.compute.amazonaws.com] jepsen.control.util: Stopping etcd
2017-09-20 13:27:29,287{GMT}	INFO	[jepsen node ec2-18-196-0-107.eu-central-1.compute.amazonaws.com] jepsen.etcdemo: Tearing down etcd
2017-09-20 13:27:29,288{GMT}	INFO	[jepsen node ec2-18-196-0-107.eu-central-1.compute.amazonaws.com] jepsen.control.util: Stopping etcd
2017-09-20 13:27:29,288{GMT}	INFO	[jepsen node ec2-18-194-52-75.eu-central-1.compute.amazonaws.com] jepsen.etcdemo: Tearing down etcd
2017-09-20 13:27:29,288{GMT}	INFO	[jepsen node ec2-18-194-52-75.eu-central-1.compute.amazonaws.com] jepsen.control.util: Stopping etcd
2017-09-20 13:27:29,288{GMT}	INFO	[jepsen node ec2-18-194-134-185.eu-central-1.compute.amazonaws.com] jepsen.control.util: Stopping etcd
2017-09-20 13:27:29,591{GMT}	INFO	[jepsen node ec2-18-194-134-185.eu-central-1.compute.amazonaws.com] jepsen.etcdemo: Setting up etcd
2017-09-20 13:27:29,591{GMT}	INFO	[jepsen node ec2-18-194-52-75.eu-central-1.compute.amazonaws.com] jepsen.etcdemo: Setting up etcd
2017-09-20 13:27:29,592{GMT}	INFO	[jepsen node ec2-35-156-80-2.eu-central-1.compute.amazonaws.com] jepsen.etcdemo: Setting up etcd
2017-09-20 13:27:29,593{GMT}	INFO	[jepsen node ec2-18-196-0-107.eu-central-1.compute.amazonaws.com] jepsen.etcdemo: Setting up etcd
2017-09-20 13:27:29,593{GMT}	INFO	[jepsen node ec2-18-194-87-54.eu-central-1.compute.amazonaws.com] jepsen.etcdemo: Setting up etcd
2017-09-20 13:27:31,008{GMT}	INFO	[jepsen node ec2-18-196-0-107.eu-central-1.compute.amazonaws.com] jepsen.control.util: starting etcd
2017-09-20 13:27:31,010{GMT}	INFO	[jepsen node ec2-18-194-134-185.eu-central-1.compute.amazonaws.com] jepsen.control.util: starting etcd
2017-09-20 13:27:31,012{GMT}	INFO	[jepsen node ec2-35-156-80-2.eu-central-1.compute.amazonaws.com] jepsen.control.util: starting etcd
2017-09-20 13:27:31,013{GMT}	INFO	[jepsen node ec2-18-194-87-54.eu-central-1.compute.amazonaws.com] jepsen.control.util: starting etcd
2017-09-20 13:27:31,014{GMT}	INFO	[jepsen node ec2-18-194-52-75.eu-central-1.compute.amazonaws.com] jepsen.control.util: starting etcd
2017-09-20 13:27:36,221{GMT}	INFO	[jepsen nemesis] jepsen.core: Nemesis starting
2017-09-20 13:27:36,222{GMT}	INFO	[jepsen nemesis] jepsen.core: nemesis done
2017-09-20 13:27:36,223{GMT}	INFO	[jepsen worker 0] jepsen.core: Worker 0 starting
2017-09-20 13:27:36,223{GMT}	INFO	[jepsen worker 1] jepsen.core: Worker 1 starting
2017-09-20 13:27:36,223{GMT}	INFO	[jepsen worker 3] jepsen.core: Worker 3 starting
2017-09-20 13:27:36,223{GMT}	INFO	[jepsen worker 2] jepsen.core: Worker 2 starting
2017-09-20 13:27:36,223{GMT}	INFO	[jepsen worker 4] jepsen.core: Worker 4 starting
2017-09-20 13:27:37,159{GMT}	INFO	[jepsen worker 2] jepsen.util: 2	:invoke	:read	nil
2017-09-20 13:27:37,253{GMT}	INFO	[jepsen worker 2] jepsen.util: 2	:ok	:read	nil
2017-09-20 13:27:37,291{GMT}	INFO	[jepsen worker 4] jepsen.util: 4	:invoke	:read	nil
2017-09-20 13:27:37,296{GMT}	INFO	[jepsen worker 4] jepsen.util: 4	:ok	:read	nil
2017-09-20 13:27:37,406{GMT}	INFO	[jepsen worker 0] jepsen.util: 0	:invoke	:read	nil
2017-09-20 13:27:37,420{GMT}	INFO	[jepsen worker 0] jepsen.util: 0	:ok	:read	nil
2017-09-20 13:27:37,842{GMT}	INFO	[jepsen worker 1] jepsen.util: 1	:invoke	:read	nil
2017-09-20 13:27:37,846{GMT}	INFO	[jepsen worker 1] jepsen.util: 1	:ok	:read	nil
2017-09-20 13:27:37,865{GMT}	INFO	[jepsen worker 3] jepsen.util: 3	:invoke	:read	nil
2017-09-20 13:27:37,868{GMT}	INFO	[jepsen worker 3] jepsen.util: 3	:ok	:read	nil
2017-09-20 13:27:38,688{GMT}	INFO	[jepsen worker 0] jepsen.util: 0	:invoke	:read	nil
2017-09-20 13:27:38,693{GMT}	INFO	[jepsen worker 0] jepsen.util: 0	:ok	:read	nil
2017-09-20 13:27:38,747{GMT}	INFO	[jepsen worker 1] jepsen.util: 1	:invoke	:read	nil
2017-09-20 13:27:38,751{GMT}	INFO	[jepsen worker 1] jepsen.util: 1	:ok	:read	nil
2017-09-20 13:27:38,776{GMT}	INFO	[jepsen worker 0] jepsen.util: 0	:invoke	:read	nil
2017-09-20 13:27:38,780{GMT}	INFO	[jepsen worker 0] jepsen.util: 0	:ok	:read	nil
2017-09-20 13:27:39,028{GMT}	INFO	[jepsen worker 2] jepsen.util: 2	:invoke	:read	nil
2017-09-20 13:27:39,032{GMT}	INFO	[jepsen worker 2] jepsen.util: 2	:ok	:read	nil
2017-09-20 13:27:39,169{GMT}	INFO	[jepsen worker 4] jepsen.util: 4	:invoke	:read	nil
2017-09-20 13:27:39,173{GMT}	INFO	[jepsen worker 4] jepsen.util: 4	:ok	:read	nil
2017-09-20 13:27:39,669{GMT}	INFO	[jepsen worker 4] jepsen.util: 4	:invoke	:read	nil
2017-09-20 13:27:39,673{GMT}	INFO	[jepsen worker 4] jepsen.util: 4	:ok	:read	nil
2017-09-20 13:27:39,819{GMT}	INFO	[jepsen worker 3] jepsen.util: 3	:invoke	:read	nil
2017-09-20 13:27:39,823{GMT}	INFO	[jepsen worker 3] jepsen.util: 3	:ok	:read	nil
2017-09-20 13:27:39,851{GMT}	INFO	[jepsen worker 2] jepsen.util: 2	:invoke	:read	nil
2017-09-20 13:27:39,854{GMT}	INFO	[jepsen worker 2] jepsen.util: 2	:ok	:read	nil
2017-09-20 13:27:39,870{GMT}	INFO	[jepsen worker 0] jepsen.util: 0	:invoke	:read	nil
2017-09-20 13:27:39,873{GMT}	INFO	[jepsen worker 0] jepsen.util: 0	:ok	:read	nil
2017-09-20 13:27:40,138{GMT}	INFO	[jepsen worker 3] jepsen.util: 3	:invoke	:read	nil
2017-09-20 13:27:40,142{GMT}	INFO	[jepsen worker 3] jepsen.util: 3	:ok	:read	nil
2017-09-20 13:27:40,368{GMT}	INFO	[jepsen worker 4] jepsen.util: 4	:invoke	:read	nil
2017-09-20 13:27:40,373{GMT}	INFO	[jepsen worker 4] jepsen.util: 4	:ok	:read	nil
2017-09-20 13:27:40,629{GMT}	INFO	[jepsen worker 1] jepsen.util: 1	:invoke	:read	nil
2017-09-20 13:27:40,633{GMT}	INFO	[jepsen worker 1] jepsen.util: 1	:ok	:read	nil
2017-09-20 13:27:40,816{GMT}	INFO	[jepsen worker 1] jepsen.util: 1	:invoke	:read	nil
2017-09-20 13:27:40,819{GMT}	INFO	[jepsen worker 4] jepsen.util: 4	:invoke	:read	nil
2017-09-20 13:27:40,821{GMT}	INFO	[jepsen worker 1] jepsen.util: 1	:ok	:read	nil
2017-09-20 13:27:40,822{GMT}	INFO	[jepsen worker 4] jepsen.util: 4	:ok	:read	nil
2017-09-20 13:27:41,456{GMT}	INFO	[jepsen worker 0] jepsen.util: 0	:invoke	:read	nil
2017-09-20 13:27:41,459{GMT}	INFO	[jepsen worker 0] jepsen.util: 0	:ok	:read	nil
2017-09-20 13:27:41,498{GMT}	INFO	[jepsen worker 2] jepsen.util: 2	:invoke	:read	nil
2017-09-20 13:27:41,500{GMT}	INFO	[jepsen worker 2] jepsen.util: 2	:ok	:read	nil
2017-09-20 13:27:41,801{GMT}	INFO	[jepsen worker 3] jepsen.util: 3	:invoke	:read	nil
2017-09-20 13:27:41,805{GMT}	INFO	[jepsen worker 3] jepsen.util: 3	:ok	:read	nil
2017-09-20 13:27:41,829{GMT}	INFO	[jepsen worker 1] jepsen.util: 1	:invoke	:read	nil
2017-09-20 13:27:41,832{GMT}	INFO	[jepsen worker 1] jepsen.util: 1	:ok	:read	nil
2017-09-20 13:27:41,958{GMT}	INFO	[jepsen worker 4] jepsen.util: 4	:invoke	:read	nil
2017-09-20 13:27:41,961{GMT}	INFO	[jepsen worker 4] jepsen.util: 4	:ok	:read	nil
2017-09-20 13:27:42,512{GMT}	INFO	[jepsen worker 1] jepsen.util: 1	:invoke	:read	nil
2017-09-20 13:27:42,516{GMT}	INFO	[jepsen worker 1] jepsen.util: 1	:ok	:read	nil
2017-09-20 13:27:42,632{GMT}	INFO	[jepsen worker 1] jepsen.util: 1	:invoke	:read	nil
2017-09-20 13:27:42,636{GMT}	INFO	[jepsen worker 1] jepsen.util: 1	:ok	:read	nil
2017-09-20 13:27:42,997{GMT}	INFO	[jepsen worker 0] jepsen.util: 0	:invoke	:read	nil
2017-09-20 13:27:43,001{GMT}	INFO	[jepsen worker 0] jepsen.util: 0	:ok	:read	nil
2017-09-20 13:27:43,233{GMT}	INFO	[jepsen worker 1] jepsen.util: 1	:invoke	:read	nil
2017-09-20 13:27:43,236{GMT}	INFO	[jepsen worker 1] jepsen.util: 1	:ok	:read	nil
2017-09-20 13:27:43,472{GMT}	INFO	[jepsen worker 2] jepsen.util: 2	:invoke	:read	nil
2017-09-20 13:27:43,475{GMT}	INFO	[jepsen worker 2] jepsen.util: 2	:ok	:read	nil
2017-09-20 13:27:43,498{GMT}	INFO	[jepsen worker 4] jepsen.util: 4	:invoke	:read	nil
2017-09-20 13:27:43,501{GMT}	INFO	[jepsen worker 4] jepsen.util: 4	:ok	:read	nil
2017-09-20 13:27:43,551{GMT}	INFO	[jepsen worker 0] jepsen.util: 0	:invoke	:read	nil
2017-09-20 13:27:43,553{GMT}	INFO	[jepsen worker 0] jepsen.util: 0	:ok	:read	nil
2017-09-20 13:27:43,586{GMT}	INFO	[jepsen worker 3] jepsen.util: 3	:invoke	:read	nil
2017-09-20 13:27:43,590{GMT}	INFO	[jepsen worker 3] jepsen.util: 3	:ok	:read	nil
2017-09-20 13:27:43,623{GMT}	INFO	[jepsen worker 1] jepsen.util: 1	:invoke	:read	nil
2017-09-20 13:27:43,626{GMT}	INFO	[jepsen worker 1] jepsen.util: 1	:ok	:read	nil
2017-09-20 13:27:44,335{GMT}	INFO	[jepsen worker 0] jepsen.util: 0	:invoke	:read	nil
2017-09-20 13:27:44,339{GMT}	INFO	[jepsen worker 0] jepsen.util: 0	:ok	:read	nil
2017-09-20 13:27:44,611{GMT}	INFO	[jepsen worker 2] jepsen.util: 2	:invoke	:read	nil
2017-09-20 13:27:44,614{GMT}	INFO	[jepsen worker 2] jepsen.util: 2	:ok	:read	nil
2017-09-20 13:27:44,769{GMT}	INFO	[jepsen worker 4] jepsen.util: 4	:invoke	:read	nil
2017-09-20 13:27:44,772{GMT}	INFO	[jepsen worker 4] jepsen.util: 4	:ok	:read	nil
2017-09-20 13:27:44,929{GMT}	INFO	[jepsen worker 3] jepsen.util: 3	:invoke	:read	nil
2017-09-20 13:27:44,932{GMT}	INFO	[jepsen worker 3] jepsen.util: 3	:ok	:read	nil
2017-09-20 13:27:44,994{GMT}	INFO	[jepsen worker 1] jepsen.util: 1	:invoke	:read	nil
2017-09-20 13:27:44,997{GMT}	INFO	[jepsen worker 1] jepsen.util: 1	:ok	:read	nil
2017-09-20 13:27:45,292{GMT}	INFO	[jepsen worker 2] jepsen.util: 2	:invoke	:read	nil
2017-09-20 13:27:45,295{GMT}	INFO	[jepsen worker 2] jepsen.util: 2	:ok	:read	nil
2017-09-20 13:27:45,369{GMT}	INFO	[jepsen worker 0] jepsen.util: 0	:invoke	:read	nil
2017-09-20 13:27:45,372{GMT}	INFO	[jepsen worker 0] jepsen.util: 0	:ok	:read	nil
2017-09-20 13:27:46,287{GMT}	INFO	[jepsen worker 4] jepsen.util: 4	:invoke	:read	nil
2017-09-20 13:27:46,290{GMT}	INFO	[jepsen worker 4] jepsen.util: 4	:ok	:read	nil
2017-09-20 13:27:46,391{GMT}	INFO	[jepsen worker 0] jepsen.util: 0	:invoke	:read	nil
2017-09-20 13:27:46,394{GMT}	INFO	[jepsen worker 0] jepsen.util: 0	:ok	:read	nil
2017-09-20 13:27:46,407{GMT}	INFO	[jepsen worker 2] jepsen.util: 2	:invoke	:read	nil
2017-09-20 13:27:46,410{GMT}	INFO	[jepsen worker 2] jepsen.util: 2	:ok	:read	nil
2017-09-20 13:27:46,494{GMT}	INFO	[jepsen worker 1] jepsen.util: 1	:invoke	:read	nil
2017-09-20 13:27:46,496{GMT}	INFO	[jepsen worker 1] jepsen.util: 1	:ok	:read	nil
2017-09-20 13:27:46,931{GMT}	INFO	[jepsen worker 3] jepsen.util: 3	:invoke	:read	nil
2017-09-20 13:27:46,934{GMT}	INFO	[jepsen worker 3] jepsen.util: 3	:ok	:read	nil
2017-09-20 13:27:47,120{GMT}	INFO	[jepsen worker 4] jepsen.util: 4	:invoke	:read	nil
2017-09-20 13:27:47,123{GMT}	INFO	[jepsen worker 4] jepsen.util: 4	:ok	:read	nil
2017-09-20 13:27:47,180{GMT}	INFO	[jepsen worker 4] jepsen.util: 4	:invoke	:read	nil
2017-09-20 13:27:47,183{GMT}	INFO	[jepsen worker 4] jepsen.util: 4	:ok	:read	nil
2017-09-20 13:27:47,509{GMT}	INFO	[jepsen worker 0] jepsen.util: 0	:invoke	:read	nil
2017-09-20 13:27:47,512{GMT}	INFO	[jepsen worker 0] jepsen.util: 0	:ok	:read	nil
2017-09-20 13:27:47,571{GMT}	INFO	[jepsen worker 2] jepsen.util: 2	:invoke	:read	nil
2017-09-20 13:27:47,574{GMT}	INFO	[jepsen worker 2] jepsen.util: 2	:ok	:read	nil
2017-09-20 13:27:47,734{GMT}	INFO	[jepsen worker 1] jepsen.util: 1	:invoke	:read	nil
2017-09-20 13:27:47,736{GMT}	INFO	[jepsen worker 1] jepsen.util: 1	:ok	:read	nil
2017-09-20 13:27:47,833{GMT}	INFO	[jepsen worker 0] jepsen.util: 0	:invoke	:read	nil
2017-09-20 13:27:47,835{GMT}	INFO	[jepsen worker 0] jepsen.util: 0	:ok	:read	nil
2017-09-20 13:27:48,457{GMT}	INFO	[jepsen worker 4] jepsen.util: 4	:invoke	:read	nil
2017-09-20 13:27:48,462{GMT}	INFO	[jepsen worker 4] jepsen.util: 4	:ok	:read	nil
2017-09-20 13:27:48,528{GMT}	INFO	[jepsen worker 2] jepsen.util: 2	:invoke	:read	nil
2017-09-20 13:27:48,531{GMT}	INFO	[jepsen worker 2] jepsen.util: 2	:ok	:read	nil
2017-09-20 13:27:48,547{GMT}	INFO	[jepsen worker 3] jepsen.util: 3	:invoke	:read	nil
2017-09-20 13:27:48,550{GMT}	INFO	[jepsen worker 3] jepsen.util: 3	:ok	:read	nil
2017-09-20 13:27:49,126{GMT}	INFO	[jepsen worker 2] jepsen.util: 2	:invoke	:read	nil
2017-09-20 13:27:49,130{GMT}	INFO	[jepsen worker 2] jepsen.util: 2	:ok	:read	nil
2017-09-20 13:27:49,245{GMT}	INFO	[jepsen worker 3] jepsen.util: 3	:invoke	:read	nil
2017-09-20 13:27:49,249{GMT}	INFO	[jepsen worker 3] jepsen.util: 3	:ok	:read	nil
2017-09-20 13:27:49,319{GMT}	INFO	[jepsen worker 0] jepsen.util: 0	:invoke	:read	nil
2017-09-20 13:27:49,322{GMT}	INFO	[jepsen worker 0] jepsen.util: 0	:ok	:read	nil
2017-09-20 13:27:49,379{GMT}	INFO	[jepsen worker 1] jepsen.util: 1	:invoke	:read	nil
2017-09-20 13:27:49,383{GMT}	INFO	[jepsen worker 1] jepsen.util: 1	:ok	:read	nil
2017-09-20 13:27:49,490{GMT}	INFO	[jepsen worker 3] jepsen.util: 3	:invoke	:read	nil
2017-09-20 13:27:49,493{GMT}	INFO	[jepsen worker 3] jepsen.util: 3	:ok	:read	nil
2017-09-20 13:27:49,614{GMT}	INFO	[jepsen worker 3] jepsen.util: 3	:invoke	:read	nil
2017-09-20 13:27:49,618{GMT}	INFO	[jepsen worker 3] jepsen.util: 3	:ok	:read	nil
2017-09-20 13:27:49,818{GMT}	INFO	[jepsen worker 1] jepsen.util: 1	:invoke	:read	nil
2017-09-20 13:27:49,822{GMT}	INFO	[jepsen worker 1] jepsen.util: 1	:ok	:read	nil
2017-09-20 13:27:49,824{GMT}	INFO	[jepsen worker 4] jepsen.util: 4	:invoke	:read	nil
2017-09-20 13:27:49,827{GMT}	INFO	[jepsen worker 4] jepsen.util: 4	:ok	:read	nil
2017-09-20 13:27:50,020{GMT}	INFO	[jepsen worker 2] jepsen.util: 2	:invoke	:read	nil
2017-09-20 13:27:50,023{GMT}	INFO	[jepsen worker 2] jepsen.util: 2	:ok	:read	nil
2017-09-20 13:27:50,554{GMT}	INFO	[jepsen worker 0] jepsen.util: 0	:invoke	:read	nil
2017-09-20 13:27:50,558{GMT}	INFO	[jepsen worker 0] jepsen.util: 0	:ok	:read	nil
2017-09-20 13:27:50,562{GMT}	INFO	[jepsen worker 0] jepsen.util: 0	:invoke	:read	nil
2017-09-20 13:27:50,565{GMT}	INFO	[jepsen worker 0] jepsen.util: 0	:ok	:read	nil
2017-09-20 13:27:50,738{GMT}	INFO	[jepsen worker 1] jepsen.util: 1	:invoke	:read	nil
2017-09-20 13:27:50,741{GMT}	INFO	[jepsen worker 1] jepsen.util: 1	:ok	:read	nil
2017-09-20 13:27:51,139{GMT}	INFO	[jepsen worker 0] jepsen.util: 0	:invoke	:read	nil
2017-09-20 13:27:51,142{GMT}	INFO	[jepsen worker 0] jepsen.util: 0	:ok	:read	nil
2017-09-20 13:27:51,337{GMT}	INFO	[jepsen worker 3] jepsen.util: 3	:invoke	:read	nil
2017-09-20 13:27:51,340{GMT}	INFO	[jepsen worker 3] jepsen.util: 3	:ok	:read	nil
2017-09-20 13:27:51,340{GMT}	INFO	[jepsen worker 3] jepsen.core: Worker 3 done
2017-09-20 13:27:51,354{GMT}	INFO	[jepsen worker 2] jepsen.util: 2	:invoke	:read	nil
2017-09-20 13:27:51,356{GMT}	INFO	[jepsen worker 2] jepsen.util: 2	:ok	:read	nil
2017-09-20 13:27:51,356{GMT}	INFO	[jepsen worker 2] jepsen.core: Worker 2 done
2017-09-20 13:27:51,776{GMT}	INFO	[jepsen worker 4] jepsen.util: 4	:invoke	:read	nil
2017-09-20 13:27:51,779{GMT}	INFO	[jepsen worker 4] jepsen.util: 4	:ok	:read	nil
2017-09-20 13:27:51,779{GMT}	INFO	[jepsen worker 4] jepsen.core: Worker 4 done
2017-09-20 13:27:52,014{GMT}	INFO	[jepsen worker 0] jepsen.util: 0	:invoke	:read	nil
2017-09-20 13:27:52,017{GMT}	INFO	[jepsen worker 0] jepsen.util: 0	:ok	:read	nil
2017-09-20 13:27:52,017{GMT}	INFO	[jepsen worker 0] jepsen.core: Worker 0 done
2017-09-20 13:27:52,409{GMT}	INFO	[jepsen worker 1] jepsen.util: 1	:invoke	:read	nil
2017-09-20 13:27:52,412{GMT}	INFO	[jepsen worker 1] jepsen.util: 1	:ok	:read	nil
2017-09-20 13:27:52,412{GMT}	INFO	[jepsen worker 1] jepsen.core: Worker 1 done
2017-09-20 13:27:52,412{GMT}	INFO	[jepsen test runner] jepsen.core: Waiting for nemesis to complete
2017-09-20 13:27:52,413{GMT}	INFO	[jepsen test runner] jepsen.core: nemesis done.
2017-09-20 13:27:52,413{GMT}	INFO	[jepsen test runner] jepsen.core: Tearing down nemesis
2017-09-20 13:27:52,413{GMT}	INFO	[jepsen test runner] jepsen.core: Nemesis torn down
2017-09-20 13:27:52,414{GMT}	INFO	[jepsen test runner] jepsen.core: Snarfing log files
2017-09-20 13:27:52,417{GMT}	INFO	[jepsen node ec2-18-194-134-185.eu-central-1.compute.amazonaws.com] jepsen.core: downloading /opt/etcd/etcd.log to etcd.log
2017-09-20 13:27:52,417{GMT}	INFO	[jepsen node ec2-18-194-87-54.eu-central-1.compute.amazonaws.com] jepsen.core: downloading /opt/etcd/etcd.log to etcd.log
2017-09-20 13:27:52,417{GMT}	INFO	[jepsen node ec2-35-156-80-2.eu-central-1.compute.amazonaws.com] jepsen.core: downloading /opt/etcd/etcd.log to etcd.log
2017-09-20 13:27:52,417{GMT}	INFO	[jepsen node ec2-18-194-52-75.eu-central-1.compute.amazonaws.com] jepsen.core: downloading /opt/etcd/etcd.log to etcd.log
2017-09-20 13:27:52,417{GMT}	INFO	[jepsen node ec2-18-196-0-107.eu-central-1.compute.amazonaws.com] jepsen.core: downloading /opt/etcd/etcd.log to etcd.log
2017-09-20 13:27:52,443{GMT}	INFO	[jepsen test runner] jepsen.core: Run complete, writing
2017-09-20 13:27:52,475{GMT}	INFO	[jepsen node ec2-18-194-134-185.eu-central-1.compute.amazonaws.com] jepsen.etcdemo: Tearing down etcd
2017-09-20 13:27:52,476{GMT}	INFO	[jepsen node ec2-18-196-0-107.eu-central-1.compute.amazonaws.com] jepsen.etcdemo: Tearing down etcd
2017-09-20 13:27:52,476{GMT}	INFO	[jepsen node ec2-35-156-80-2.eu-central-1.compute.amazonaws.com] jepsen.etcdemo: Tearing down etcd
2017-09-20 13:27:52,476{GMT}	INFO	[jepsen node ec2-18-194-134-185.eu-central-1.compute.amazonaws.com] jepsen.control.util: Stopping etcd
2017-09-20 13:27:52,476{GMT}	INFO	[jepsen node ec2-18-194-52-75.eu-central-1.compute.amazonaws.com] jepsen.etcdemo: Tearing down etcd
2017-09-20 13:27:52,476{GMT}	INFO	[jepsen node ec2-18-196-0-107.eu-central-1.compute.amazonaws.com] jepsen.control.util: Stopping etcd
2017-09-20 13:27:52,476{GMT}	INFO	[jepsen node ec2-35-156-80-2.eu-central-1.compute.amazonaws.com] jepsen.control.util: Stopping etcd
2017-09-20 13:27:52,475{GMT}	INFO	[jepsen node ec2-18-194-87-54.eu-central-1.compute.amazonaws.com] jepsen.etcdemo: Tearing down etcd
2017-09-20 13:27:52,476{GMT}	INFO	[jepsen node ec2-18-194-52-75.eu-central-1.compute.amazonaws.com] jepsen.control.util: Stopping etcd
2017-09-20 13:27:52,477{GMT}	INFO	[jepsen node ec2-18-194-87-54.eu-central-1.compute.amazonaws.com] jepsen.control.util: Stopping etcd
2017-09-20 13:27:52,790{GMT}	INFO	[jepsen test runner] jepsen.core: Analyzing
2017-09-20 13:27:52,790{GMT}	INFO	[jepsen test runner] jepsen.core: Analysis complete
2017-09-20 13:27:52,793{GMT}	INFO	[jepsen results] jepsen.store: Wrote /home/admin/jepsen.etcdemo/store/etcdemo/20170920T132726.000Z/results.edn
2017-09-20 13:27:52,804{GMT}	INFO	[main] jepsen.core: {:valid? true}


Everything looks good! ヽ(‘ー`)ノ
