2017-09-20 13:27:31 Jepsen starting etcd :--log-output :stderr :--name ec2-18-194-52-75.eu-central-1.compute.amazonaws.com :--listen-peer-urls http://ec2-18-194-52-75.eu-central-1.compute.amazonaws.com:2380 :--listen-client-urls http://ec2-18-194-52-75.eu-central-1.compute.amazonaws.com:2379 :--advertise-client-urls http://ec2-18-194-52-75.eu-central-1.compute.amazonaws.com:2379 :--initial-cluster-state :new :--initial-advertise-peer-urls http://ec2-18-194-52-75.eu-central-1.compute.amazonaws.com:2380 :--initial-cluster ec2-18-194-87-54.eu-central-1.compute.amazonaws.com=http://ec2-18-194-87-54.eu-central-1.compute.amazonaws.com:2380,ec2-18-196-0-107.eu-central-1.compute.amazonaws.com=http://ec2-18-196-0-107.eu-central-1.compute.amazonaws.com:2380,ec2-18-194-134-185.eu-central-1.compute.amazonaws.com=http://ec2-18-194-134-185.eu-central-1.compute.amazonaws.com:2380,ec2-18-194-52-75.eu-central-1.compute.amazonaws.com=http://ec2-18-194-52-75.eu-central-1.compute.amazonaws.com:2380,ec2-35-156-80-2.eu-central-1.compute.amazonaws.com=http://ec2-35-156-80-2.eu-central-1.compute.amazonaws.com:2380
2017-09-20 13:27:31.532893 I | etcdmain: etcd Version: 3.1.5
2017-09-20 13:27:31.532922 I | etcdmain: Git SHA: 20490ca
2017-09-20 13:27:31.532927 I | etcdmain: Go Version: go1.7.5
2017-09-20 13:27:31.532931 I | etcdmain: Go OS/Arch: linux/amd64
2017-09-20 13:27:31.532936 I | etcdmain: setting maximum number of CPUs to 2, total number of available CPUs is 2
2017-09-20 13:27:31.532943 W | etcdmain: no data-dir provided, using default data-dir ./ec2-18-194-52-75.eu-central-1.compute.amazonaws.com.etcd
2017-09-20 13:27:31.532955 W | embed: expected IP in URL for binding (http://ec2-18-194-52-75.eu-central-1.compute.amazonaws.com:2380)
2017-09-20 13:27:31.532960 W | embed: expected IP in URL for binding (http://ec2-18-194-52-75.eu-central-1.compute.amazonaws.com:2379)
2017-09-20 13:27:31.534308 I | embed: listening for peers on http://ec2-18-194-52-75.eu-central-1.compute.amazonaws.com:2380
2017-09-20 13:27:31.534733 I | embed: listening for client requests on ec2-18-194-52-75.eu-central-1.compute.amazonaws.com:2379
2017-09-20 13:27:31.540561 I | pkg/netutil: resolving ec2-18-194-52-75.eu-central-1.compute.amazonaws.com:2380 to 172.31.20.19:2380
2017-09-20 13:27:31.540925 I | pkg/netutil: resolving ec2-18-194-52-75.eu-central-1.compute.amazonaws.com:2380 to 172.31.20.19:2380
2017-09-20 13:27:35.541825 I | etcdserver: name = ec2-18-194-52-75.eu-central-1.compute.amazonaws.com
2017-09-20 13:27:35.541874 I | etcdserver: data dir = ec2-18-194-52-75.eu-central-1.compute.amazonaws.com.etcd
2017-09-20 13:27:35.541881 I | etcdserver: member dir = ec2-18-194-52-75.eu-central-1.compute.amazonaws.com.etcd/member
2017-09-20 13:27:35.541886 I | etcdserver: heartbeat = 100ms
2017-09-20 13:27:35.541891 I | etcdserver: election = 1000ms
2017-09-20 13:27:35.541896 I | etcdserver: snapshot count = 10000
2017-09-20 13:27:35.541907 I | etcdserver: advertise client URLs = http://ec2-18-194-52-75.eu-central-1.compute.amazonaws.com:2379
2017-09-20 13:27:35.541914 I | etcdserver: initial advertise peer URLs = http://ec2-18-194-52-75.eu-central-1.compute.amazonaws.com:2380
2017-09-20 13:27:35.541944 I | etcdserver: initial cluster = ec2-18-194-134-185.eu-central-1.compute.amazonaws.com=http://ec2-18-194-134-185.eu-central-1.compute.amazonaws.com:2380,ec2-18-194-52-75.eu-central-1.compute.amazonaws.com=http://ec2-18-194-52-75.eu-central-1.compute.amazonaws.com:2380,ec2-18-194-87-54.eu-central-1.compute.amazonaws.com=http://ec2-18-194-87-54.eu-central-1.compute.amazonaws.com:2380,ec2-18-196-0-107.eu-central-1.compute.amazonaws.com=http://ec2-18-196-0-107.eu-central-1.compute.amazonaws.com:2380,ec2-35-156-80-2.eu-central-1.compute.amazonaws.com=http://ec2-35-156-80-2.eu-central-1.compute.amazonaws.com:2380
2017-09-20 13:27:35.547671 I | etcdserver: starting member fe045def5d726446 in cluster 663a90b2fc437693
2017-09-20 13:27:35.547696 I | raft: fe045def5d726446 became follower at term 0
2017-09-20 13:27:35.547708 I | raft: newRaft fe045def5d726446 [peers: [], term: 0, commit: 0, applied: 0, lastindex: 0, lastterm: 0]
2017-09-20 13:27:35.547719 I | raft: fe045def5d726446 became follower at term 1
2017-09-20 13:27:35.581282 I | rafthttp: starting peer 1ff51c47e4f95221...
2017-09-20 13:27:35.581338 I | rafthttp: started HTTP pipelining with peer 1ff51c47e4f95221
2017-09-20 13:27:35.582499 I | rafthttp: started streaming with peer 1ff51c47e4f95221 (writer)
2017-09-20 13:27:35.582661 I | rafthttp: started streaming with peer 1ff51c47e4f95221 (writer)
2017-09-20 13:27:35.585386 I | rafthttp: started peer 1ff51c47e4f95221
2017-09-20 13:27:35.585412 I | rafthttp: added peer 1ff51c47e4f95221
2017-09-20 13:27:35.585430 I | rafthttp: starting peer 4947815f01d43c9c...
2017-09-20 13:27:35.585450 I | rafthttp: started HTTP pipelining with peer 4947815f01d43c9c
2017-09-20 13:27:35.585876 I | rafthttp: started streaming with peer 1ff51c47e4f95221 (stream MsgApp v2 reader)
2017-09-20 13:27:35.587463 I | rafthttp: started streaming with peer 1ff51c47e4f95221 (stream Message reader)
2017-09-20 13:27:35.587726 I | rafthttp: started streaming with peer 4947815f01d43c9c (writer)
2017-09-20 13:27:35.589490 I | rafthttp: started peer 4947815f01d43c9c
2017-09-20 13:27:35.589517 I | rafthttp: added peer 4947815f01d43c9c
2017-09-20 13:27:35.589533 I | rafthttp: starting peer a8637664ca9721a5...
2017-09-20 13:27:35.589561 I | rafthttp: started HTTP pipelining with peer a8637664ca9721a5
2017-09-20 13:27:35.590977 I | rafthttp: started streaming with peer a8637664ca9721a5 (writer)
2017-09-20 13:27:35.591684 I | rafthttp: started peer a8637664ca9721a5
2017-09-20 13:27:35.591706 I | rafthttp: added peer a8637664ca9721a5
2017-09-20 13:27:35.591722 I | rafthttp: starting peer c7674291f0333bf7...
2017-09-20 13:27:35.591741 I | rafthttp: started HTTP pipelining with peer c7674291f0333bf7
2017-09-20 13:27:35.593616 I | rafthttp: started peer c7674291f0333bf7
2017-09-20 13:27:35.593637 I | rafthttp: added peer c7674291f0333bf7
2017-09-20 13:27:35.593653 I | etcdserver: starting server... [version: 3.1.5, cluster version: to_be_decided]
2017-09-20 13:27:35.593921 I | rafthttp: started streaming with peer a8637664ca9721a5 (stream MsgApp v2 reader)
2017-09-20 13:27:35.594148 I | rafthttp: started streaming with peer a8637664ca9721a5 (stream Message reader)
2017-09-20 13:27:35.594289 I | rafthttp: started streaming with peer c7674291f0333bf7 (writer)
2017-09-20 13:27:35.594323 I | rafthttp: started streaming with peer c7674291f0333bf7 (writer)
2017-09-20 13:27:35.594361 I | rafthttp: started streaming with peer c7674291f0333bf7 (stream MsgApp v2 reader)
2017-09-20 13:27:35.594534 I | rafthttp: started streaming with peer c7674291f0333bf7 (stream Message reader)
2017-09-20 13:27:35.594762 I | rafthttp: started streaming with peer 4947815f01d43c9c (stream Message reader)
2017-09-20 13:27:35.595002 I | rafthttp: started streaming with peer a8637664ca9721a5 (writer)
2017-09-20 13:27:35.595062 I | rafthttp: started streaming with peer 4947815f01d43c9c (writer)
2017-09-20 13:27:35.595077 I | rafthttp: started streaming with peer 4947815f01d43c9c (stream MsgApp v2 reader)
2017-09-20 13:27:35.595377 I | rafthttp: peer 1ff51c47e4f95221 became active
2017-09-20 13:27:35.595424 I | rafthttp: established a TCP streaming connection with peer 1ff51c47e4f95221 (stream MsgApp v2 writer)
2017-09-20 13:27:35.595738 I | rafthttp: peer c7674291f0333bf7 became active
2017-09-20 13:27:35.595757 I | rafthttp: established a TCP streaming connection with peer c7674291f0333bf7 (stream Message writer)
2017-09-20 13:27:35.597187 I | rafthttp: established a TCP streaming connection with peer c7674291f0333bf7 (stream MsgApp v2 writer)
2017-09-20 13:27:35.597883 I | rafthttp: peer 4947815f01d43c9c became active
2017-09-20 13:27:35.597899 I | rafthttp: established a TCP streaming connection with peer 4947815f01d43c9c (stream Message writer)
2017-09-20 13:27:35.599041 I | rafthttp: established a TCP streaming connection with peer 1ff51c47e4f95221 (stream Message writer)
2017-09-20 13:27:35.599148 I | rafthttp: established a TCP streaming connection with peer 1ff51c47e4f95221 (stream Message reader)
2017-09-20 13:27:35.599226 I | etcdserver/membership: added member 1ff51c47e4f95221 [http://ec2-18-194-87-54.eu-central-1.compute.amazonaws.com:2380] to cluster 663a90b2fc437693
2017-09-20 13:27:35.599991 I | rafthttp: established a TCP streaming connection with peer 1ff51c47e4f95221 (stream MsgApp v2 reader)
2017-09-20 13:27:35.600776 I | rafthttp: established a TCP streaming connection with peer 4947815f01d43c9c (stream MsgApp v2 writer)
2017-09-20 13:27:35.602050 I | rafthttp: established a TCP streaming connection with peer c7674291f0333bf7 (stream Message reader)
2017-09-20 13:27:35.602214 I | etcdserver/membership: added member 4947815f01d43c9c [http://ec2-35-156-80-2.eu-central-1.compute.amazonaws.com:2380] to cluster 663a90b2fc437693
2017-09-20 13:27:35.602346 I | etcdserver/membership: added member a8637664ca9721a5 [http://ec2-18-194-134-185.eu-central-1.compute.amazonaws.com:2380] to cluster 663a90b2fc437693
2017-09-20 13:27:35.602482 I | etcdserver/membership: added member c7674291f0333bf7 [http://ec2-18-196-0-107.eu-central-1.compute.amazonaws.com:2380] to cluster 663a90b2fc437693
2017-09-20 13:27:35.602621 I | etcdserver/membership: added member fe045def5d726446 [http://ec2-18-194-52-75.eu-central-1.compute.amazonaws.com:2380] to cluster 663a90b2fc437693
2017-09-20 13:27:35.602678 I | rafthttp: established a TCP streaming connection with peer c7674291f0333bf7 (stream MsgApp v2 reader)
2017-09-20 13:27:35.604050 I | rafthttp: established a TCP streaming connection with peer 4947815f01d43c9c (stream Message reader)
2017-09-20 13:27:35.604105 I | rafthttp: established a TCP streaming connection with peer 4947815f01d43c9c (stream MsgApp v2 reader)
2017-09-20 13:27:35.706354 I | rafthttp: peer a8637664ca9721a5 became active
2017-09-20 13:27:35.706385 I | rafthttp: established a TCP streaming connection with peer a8637664ca9721a5 (stream MsgApp v2 reader)
2017-09-20 13:27:35.709425 I | rafthttp: established a TCP streaming connection with peer a8637664ca9721a5 (stream Message writer)
2017-09-20 13:27:35.709642 I | rafthttp: established a TCP streaming connection with peer a8637664ca9721a5 (stream MsgApp v2 writer)
2017-09-20 13:27:35.710229 I | rafthttp: established a TCP streaming connection with peer a8637664ca9721a5 (stream Message reader)
2017-09-20 13:27:35.854218 I | raft: fe045def5d726446 [term: 1] received a MsgVote message with higher term from 4947815f01d43c9c [term: 2]
2017-09-20 13:27:35.854255 I | raft: fe045def5d726446 became follower at term 2
2017-09-20 13:27:35.854267 I | raft: fe045def5d726446 [logterm: 1, index: 5, vote: 0] cast MsgVote for 4947815f01d43c9c [logterm: 1, index: 5] at term 2
2017-09-20 13:27:35.855645 I | raft: raft.node: fe045def5d726446 elected leader 4947815f01d43c9c at term 2
2017-09-20 13:27:35.861071 I | etcdserver: published {Name:ec2-18-194-52-75.eu-central-1.compute.amazonaws.com ClientURLs:[http://ec2-18-194-52-75.eu-central-1.compute.amazonaws.com:2379]} to cluster 663a90b2fc437693
2017-09-20 13:27:35.861110 I | embed: ready to serve client requests
2017-09-20 13:27:35.861139 E | etcdmain: forgot to set Type=notify in systemd service file?
2017-09-20 13:27:35.861393 N | embed: serving insecure client requests on 172.31.20.19:2379, this is strongly discouraged!
2017-09-20 13:27:35.867351 N | etcdserver/membership: set the initial cluster version to 3.1
2017-09-20 13:27:35.867386 I | etcdserver/api: enabled capabilities for version 3.1
