2017-09-20 12:16:22,768{GMT}	INFO	[jepsen test runner] jepsen.core: Running test:
 {:nodes-file "/home/admin/nodes",
 :concurrency 5,
 :db
 #object[jepsen.etcdemo.Etcd 0x7899de11 "jepsen.etcdemo.Etcd@7899de11"],
 :name "etcdemo",
 :start-time
 #object[org.joda.time.DateTime 0x78e22d35 "2017-09-20T12:16:22.000Z"],
 :net
 #object[jepsen.net$reify__187 0x292158f8 "jepsen.net$reify__187@292158f8"],
 :client
 #object[jepsen.client$reify__3277 0x4b790d86 "jepsen.client$reify__3277@4b790d86"],
 :barrier
 #object[java.util.concurrent.CyclicBarrier 0x6944e53e "java.util.concurrent.CyclicBarrier@6944e53e"],
 :ssh
 {:username "admin",
  :password "root",
  :strict-host-key-checking false,
  :private-key-path nil},
 :checker
 #object[jepsen.checker$unbridled_optimism$reify__3133 0x5b9396d3 "jepsen.checker$unbridled_optimism$reify__3133@5b9396d3"],
 :nemesis
 #object[jepsen.nemesis$reify__220 0x5d21202d "jepsen.nemesis$reify__220@5d21202d"],
 :active-histories #<Atom@6a094db2: #{}>,
 :nodes
 ["ec2-18-194-87-54.eu-central-1.compute.amazonaws.com"
  "ec2-18-196-0-107.eu-central-1.compute.amazonaws.com"
  "ec2-18-194-134-185.eu-central-1.compute.amazonaws.com"
  "ec2-18-194-52-75.eu-central-1.compute.amazonaws.com"
  "ec2-35-156-80-2.eu-central-1.compute.amazonaws.com"],
 :test-count 1,
 :generator
 #object[jepsen.generator$reify__1841 0x658255aa "jepsen.generator$reify__1841@658255aa"],
 :os
 #object[jepsen.os.debian$reify__414 0x22a736d7 "jepsen.os.debian$reify__414@22a736d7"],
 :time-limit 60,
 :model {}}

2017-09-20 12:16:23,467{GMT}	INFO	[jepsen node ec2-18-196-0-107.eu-central-1.compute.amazonaws.com] jepsen.os.debian: ec2-18-196-0-107.eu-central-1.compute.amazonaws.com setting up debian
2017-09-20 12:16:23,467{GMT}	INFO	[jepsen node ec2-18-194-134-185.eu-central-1.compute.amazonaws.com] jepsen.os.debian: ec2-18-194-134-185.eu-central-1.compute.amazonaws.com setting up debian
2017-09-20 12:16:23,467{GMT}	INFO	[jepsen node ec2-18-194-52-75.eu-central-1.compute.amazonaws.com] jepsen.os.debian: ec2-18-194-52-75.eu-central-1.compute.amazonaws.com setting up debian
2017-09-20 12:16:23,467{GMT}	INFO	[jepsen node ec2-18-194-87-54.eu-central-1.compute.amazonaws.com] jepsen.os.debian: ec2-18-194-87-54.eu-central-1.compute.amazonaws.com setting up debian
2017-09-20 12:16:23,468{GMT}	INFO	[jepsen node ec2-35-156-80-2.eu-central-1.compute.amazonaws.com] jepsen.os.debian: ec2-35-156-80-2.eu-central-1.compute.amazonaws.com setting up debian
2017-09-20 12:16:25,218{GMT}	INFO	[jepsen node ec2-18-194-87-54.eu-central-1.compute.amazonaws.com] jepsen.etcdemo: Tearing down etcd
2017-09-20 12:16:25,218{GMT}	INFO	[jepsen node ec2-18-194-87-54.eu-central-1.compute.amazonaws.com] jepsen.etcdemo: Setting up etcd
2017-09-20 12:16:25,218{GMT}	INFO	[jepsen node ec2-18-194-52-75.eu-central-1.compute.amazonaws.com] jepsen.etcdemo: Tearing down etcd
2017-09-20 12:16:25,218{GMT}	INFO	[jepsen node ec2-35-156-80-2.eu-central-1.compute.amazonaws.com] jepsen.etcdemo: Tearing down etcd
2017-09-20 12:16:25,219{GMT}	INFO	[jepsen node ec2-18-196-0-107.eu-central-1.compute.amazonaws.com] jepsen.etcdemo: Tearing down etcd
2017-09-20 12:16:25,219{GMT}	INFO	[jepsen node ec2-18-194-134-185.eu-central-1.compute.amazonaws.com] jepsen.etcdemo: Tearing down etcd
2017-09-20 12:16:25,220{GMT}	INFO	[jepsen node ec2-18-194-52-75.eu-central-1.compute.amazonaws.com] jepsen.etcdemo: Setting up etcd
2017-09-20 12:16:25,220{GMT}	INFO	[jepsen node ec2-35-156-80-2.eu-central-1.compute.amazonaws.com] jepsen.etcdemo: Setting up etcd
2017-09-20 12:16:25,221{GMT}	INFO	[jepsen node ec2-18-196-0-107.eu-central-1.compute.amazonaws.com] jepsen.etcdemo: Setting up etcd
2017-09-20 12:16:25,221{GMT}	INFO	[jepsen node ec2-18-194-134-185.eu-central-1.compute.amazonaws.com] jepsen.etcdemo: Setting up etcd
2017-09-20 12:16:26,648{GMT}	INFO	[jepsen nemesis] jepsen.core: Nemesis starting
2017-09-20 12:16:26,648{GMT}	INFO	[jepsen nemesis] jepsen.core: nemesis done
2017-09-20 12:16:26,649{GMT}	INFO	[jepsen worker 2] jepsen.core: Worker 2 starting
2017-09-20 12:16:26,649{GMT}	INFO	[jepsen worker 0] jepsen.core: Worker 0 starting
2017-09-20 12:16:26,650{GMT}	INFO	[jepsen worker 1] jepsen.core: Worker 1 starting
2017-09-20 12:16:26,650{GMT}	INFO	[jepsen worker 2] jepsen.core: Worker 2 done
2017-09-20 12:16:26,650{GMT}	INFO	[jepsen worker 4] jepsen.core: Worker 4 starting
2017-09-20 12:16:26,650{GMT}	INFO	[jepsen worker 3] jepsen.core: Worker 3 starting
2017-09-20 12:16:26,650{GMT}	INFO	[jepsen worker 0] jepsen.core: Worker 0 done
2017-09-20 12:16:26,651{GMT}	INFO	[jepsen worker 1] jepsen.core: Worker 1 done
2017-09-20 12:16:26,651{GMT}	INFO	[jepsen worker 4] jepsen.core: Worker 4 done
2017-09-20 12:16:26,651{GMT}	INFO	[jepsen worker 3] jepsen.core: Worker 3 done
2017-09-20 12:16:26,652{GMT}	INFO	[jepsen test runner] jepsen.core: Waiting for nemesis to complete
2017-09-20 12:16:26,652{GMT}	INFO	[jepsen test runner] jepsen.core: nemesis done.
2017-09-20 12:16:26,653{GMT}	INFO	[jepsen test runner] jepsen.core: Tearing down nemesis
2017-09-20 12:16:26,653{GMT}	INFO	[jepsen test runner] jepsen.core: Nemesis torn down
2017-09-20 12:16:26,654{GMT}	INFO	[jepsen test runner] jepsen.core: Run complete, writing
2017-09-20 12:16:26,670{GMT}	INFO	[jepsen node ec2-18-196-0-107.eu-central-1.compute.amazonaws.com] jepsen.etcdemo: Tearing down etcd
2017-09-20 12:16:26,670{GMT}	INFO	[jepsen node ec2-18-194-134-185.eu-central-1.compute.amazonaws.com] jepsen.etcdemo: Tearing down etcd
2017-09-20 12:16:26,670{GMT}	INFO	[jepsen node ec2-18-194-87-54.eu-central-1.compute.amazonaws.com] jepsen.etcdemo: Tearing down etcd
2017-09-20 12:16:26,671{GMT}	INFO	[jepsen node ec2-35-156-80-2.eu-central-1.compute.amazonaws.com] jepsen.etcdemo: Tearing down etcd
2017-09-20 12:16:26,671{GMT}	INFO	[jepsen node ec2-18-194-52-75.eu-central-1.compute.amazonaws.com] jepsen.etcdemo: Tearing down etcd
2017-09-20 12:16:26,678{GMT}	INFO	[jepsen test runner] jepsen.core: Analyzing
2017-09-20 12:16:26,678{GMT}	INFO	[jepsen test runner] jepsen.core: Analysis complete
2017-09-20 12:16:26,680{GMT}	INFO	[jepsen results] jepsen.store: Wrote /home/admin/jepsen.etcdemo/store/etcdemo/20170920T121622.000Z/results.edn
2017-09-20 12:16:26,687{GMT}	INFO	[main] jepsen.core: {:valid? true}


Everything looks good! ヽ(‘ー`)ノ
