2017-09-20 12:26:53 Jepsen starting etcd :--log-output :stderr :--name ec2-18-194-52-75.eu-central-1.compute.amazonaws.com :--listen-peer-urls http://ec2-18-194-52-75.eu-central-1.compute.amazonaws.com:2380 :--listen-client-urls http://ec2-18-194-52-75.eu-central-1.compute.amazonaws.com:2379 :--advertise-client-urls http://ec2-18-194-52-75.eu-central-1.compute.amazonaws.com:2379 :--initial-cluster-state :new :--initial-advertise-peer-urls http://ec2-18-194-52-75.eu-central-1.compute.amazonaws.com:2380 :--initial-cluster ec2-18-194-87-54.eu-central-1.compute.amazonaws.com=http://ec2-18-194-87-54.eu-central-1.compute.amazonaws.com:2380,ec2-18-196-0-107.eu-central-1.compute.amazonaws.com=http://ec2-18-196-0-107.eu-central-1.compute.amazonaws.com:2380,ec2-18-194-134-185.eu-central-1.compute.amazonaws.com=http://ec2-18-194-134-185.eu-central-1.compute.amazonaws.com:2380,ec2-18-194-52-75.eu-central-1.compute.amazonaws.com=http://ec2-18-194-52-75.eu-central-1.compute.amazonaws.com:2380,ec2-35-156-80-2.eu-central-1.compute.amazonaws.com=http://ec2-35-156-80-2.eu-central-1.compute.amazonaws.com:2380
2017-09-20 12:26:53.500797 I | etcdmain: etcd Version: 3.1.5
2017-09-20 12:26:53.500826 I | etcdmain: Git SHA: 20490ca
2017-09-20 12:26:53.500833 I | etcdmain: Go Version: go1.7.5
2017-09-20 12:26:53.500837 I | etcdmain: Go OS/Arch: linux/amd64
2017-09-20 12:26:53.500842 I | etcdmain: setting maximum number of CPUs to 2, total number of available CPUs is 2
2017-09-20 12:26:53.500849 W | etcdmain: no data-dir provided, using default data-dir ./ec2-18-194-52-75.eu-central-1.compute.amazonaws.com.etcd
2017-09-20 12:26:53.500861 W | embed: expected IP in URL for binding (http://ec2-18-194-52-75.eu-central-1.compute.amazonaws.com:2380)
2017-09-20 12:26:53.500866 W | embed: expected IP in URL for binding (http://ec2-18-194-52-75.eu-central-1.compute.amazonaws.com:2379)
2017-09-20 12:26:53.502207 I | embed: listening for peers on http://ec2-18-194-52-75.eu-central-1.compute.amazonaws.com:2380
2017-09-20 12:26:53.502617 I | embed: listening for client requests on ec2-18-194-52-75.eu-central-1.compute.amazonaws.com:2379
2017-09-20 12:26:53.511513 I | pkg/netutil: resolving ec2-18-194-52-75.eu-central-1.compute.amazonaws.com:2380 to 172.31.20.19:2380
2017-09-20 12:26:53.511907 I | pkg/netutil: resolving ec2-18-194-52-75.eu-central-1.compute.amazonaws.com:2380 to 172.31.20.19:2380
2017-09-20 12:26:57.512981 I | etcdserver: name = ec2-18-194-52-75.eu-central-1.compute.amazonaws.com
2017-09-20 12:26:57.513013 I | etcdserver: data dir = ec2-18-194-52-75.eu-central-1.compute.amazonaws.com.etcd
2017-09-20 12:26:57.513020 I | etcdserver: member dir = ec2-18-194-52-75.eu-central-1.compute.amazonaws.com.etcd/member
2017-09-20 12:26:57.513025 I | etcdserver: heartbeat = 100ms
2017-09-20 12:26:57.513029 I | etcdserver: election = 1000ms
2017-09-20 12:26:57.513033 I | etcdserver: snapshot count = 10000
2017-09-20 12:26:57.513058 I | etcdserver: advertise client URLs = http://ec2-18-194-52-75.eu-central-1.compute.amazonaws.com:2379
2017-09-20 12:26:57.513064 I | etcdserver: initial advertise peer URLs = http://ec2-18-194-52-75.eu-central-1.compute.amazonaws.com:2380
2017-09-20 12:26:57.513117 I | etcdserver: initial cluster = ec2-18-194-134-185.eu-central-1.compute.amazonaws.com=http://ec2-18-194-134-185.eu-central-1.compute.amazonaws.com:2380,ec2-18-194-52-75.eu-central-1.compute.amazonaws.com=http://ec2-18-194-52-75.eu-central-1.compute.amazonaws.com:2380,ec2-18-194-87-54.eu-central-1.compute.amazonaws.com=http://ec2-18-194-87-54.eu-central-1.compute.amazonaws.com:2380,ec2-18-196-0-107.eu-central-1.compute.amazonaws.com=http://ec2-18-196-0-107.eu-central-1.compute.amazonaws.com:2380,ec2-35-156-80-2.eu-central-1.compute.amazonaws.com=http://ec2-35-156-80-2.eu-central-1.compute.amazonaws.com:2380
2017-09-20 12:26:57.538007 I | etcdserver: starting member fe045def5d726446 in cluster 663a90b2fc437693
2017-09-20 12:26:57.538072 I | raft: fe045def5d726446 became follower at term 0
2017-09-20 12:26:57.538081 I | raft: newRaft fe045def5d726446 [peers: [], term: 0, commit: 0, applied: 0, lastindex: 0, lastterm: 0]
2017-09-20 12:26:57.538092 I | raft: fe045def5d726446 became follower at term 1
2017-09-20 12:26:57.551579 I | rafthttp: starting peer 1ff51c47e4f95221...
2017-09-20 12:26:57.551614 I | rafthttp: started HTTP pipelining with peer 1ff51c47e4f95221
2017-09-20 12:26:57.552900 I | rafthttp: started streaming with peer 1ff51c47e4f95221 (writer)
2017-09-20 12:26:57.553109 I | rafthttp: started streaming with peer 1ff51c47e4f95221 (writer)
2017-09-20 12:26:57.556212 I | rafthttp: started peer 1ff51c47e4f95221
2017-09-20 12:26:57.556272 I | rafthttp: added peer 1ff51c47e4f95221
2017-09-20 12:26:57.556303 I | rafthttp: starting peer 4947815f01d43c9c...
2017-09-20 12:26:57.556330 I | rafthttp: started HTTP pipelining with peer 4947815f01d43c9c
2017-09-20 12:26:57.556745 I | rafthttp: started streaming with peer 1ff51c47e4f95221 (stream MsgApp v2 reader)
2017-09-20 12:26:57.558021 I | rafthttp: started streaming with peer 1ff51c47e4f95221 (stream Message reader)
2017-09-20 12:26:57.559164 I | rafthttp: started peer 4947815f01d43c9c
2017-09-20 12:26:57.559187 I | rafthttp: added peer 4947815f01d43c9c
2017-09-20 12:26:57.559203 I | rafthttp: starting peer a8637664ca9721a5...
2017-09-20 12:26:57.559225 I | rafthttp: started HTTP pipelining with peer a8637664ca9721a5
2017-09-20 12:26:57.559904 I | rafthttp: started streaming with peer 4947815f01d43c9c (writer)
2017-09-20 12:26:57.559927 I | rafthttp: started streaming with peer 4947815f01d43c9c (stream MsgApp v2 reader)
2017-09-20 12:26:57.560095 I | rafthttp: started streaming with peer 4947815f01d43c9c (stream Message reader)
2017-09-20 12:26:57.560240 I | rafthttp: started streaming with peer 4947815f01d43c9c (writer)
2017-09-20 12:26:57.560783 I | rafthttp: started streaming with peer a8637664ca9721a5 (writer)
2017-09-20 12:26:57.561422 I | rafthttp: peer 4947815f01d43c9c became active
2017-09-20 12:26:57.562030 I | rafthttp: started streaming with peer a8637664ca9721a5 (writer)
2017-09-20 12:26:57.562710 I | rafthttp: started peer a8637664ca9721a5
2017-09-20 12:26:57.562731 I | rafthttp: added peer a8637664ca9721a5
2017-09-20 12:26:57.562747 I | rafthttp: starting peer c7674291f0333bf7...
2017-09-20 12:26:57.562785 I | rafthttp: started HTTP pipelining with peer c7674291f0333bf7
2017-09-20 12:26:57.562964 I | rafthttp: started streaming with peer a8637664ca9721a5 (stream Message reader)
2017-09-20 12:26:57.563335 I | rafthttp: established a TCP streaming connection with peer 4947815f01d43c9c (stream Message reader)
2017-09-20 12:26:57.564902 I | rafthttp: started peer c7674291f0333bf7
2017-09-20 12:26:57.564922 I | rafthttp: added peer c7674291f0333bf7
2017-09-20 12:26:57.564937 I | etcdserver: starting server... [version: 3.1.5, cluster version: to_be_decided]
2017-09-20 12:26:57.565201 I | rafthttp: started streaming with peer c7674291f0333bf7 (stream Message reader)
2017-09-20 12:26:57.566868 I | rafthttp: started streaming with peer c7674291f0333bf7 (writer)
2017-09-20 12:26:57.566890 I | rafthttp: started streaming with peer a8637664ca9721a5 (stream MsgApp v2 reader)
2017-09-20 12:26:57.567685 I | rafthttp: peer c7674291f0333bf7 became active
2017-09-20 12:26:57.567704 I | rafthttp: established a TCP streaming connection with peer c7674291f0333bf7 (stream MsgApp v2 writer)
2017-09-20 12:26:57.567902 I | rafthttp: established a TCP streaming connection with peer 4947815f01d43c9c (stream Message writer)
2017-09-20 12:26:57.567921 I | rafthttp: started streaming with peer c7674291f0333bf7 (writer)
2017-09-20 12:26:57.567933 I | rafthttp: established a TCP streaming connection with peer c7674291f0333bf7 (stream Message writer)
2017-09-20 12:26:57.568157 I | etcdserver/membership: added member 1ff51c47e4f95221 [http://ec2-18-194-87-54.eu-central-1.compute.amazonaws.com:2380] to cluster 663a90b2fc437693
2017-09-20 12:26:57.568237 I | rafthttp: started streaming with peer c7674291f0333bf7 (stream MsgApp v2 reader)
2017-09-20 12:26:57.568397 I | rafthttp: peer 1ff51c47e4f95221 became active
2017-09-20 12:26:57.568416 I | rafthttp: established a TCP streaming connection with peer 1ff51c47e4f95221 (stream MsgApp v2 reader)
2017-09-20 12:26:57.568461 I | etcdserver/membership: added member 4947815f01d43c9c [http://ec2-35-156-80-2.eu-central-1.compute.amazonaws.com:2380] to cluster 663a90b2fc437693
2017-09-20 12:26:57.568509 I | rafthttp: established a TCP streaming connection with peer 1ff51c47e4f95221 (stream MsgApp v2 writer)
2017-09-20 12:26:57.568529 I | rafthttp: established a TCP streaming connection with peer 1ff51c47e4f95221 (stream Message writer)
2017-09-20 12:26:57.568542 I | rafthttp: established a TCP streaming connection with peer 1ff51c47e4f95221 (stream Message reader)
2017-09-20 12:26:57.568603 I | rafthttp: established a TCP streaming connection with peer 4947815f01d43c9c (stream MsgApp v2 reader)
2017-09-20 12:26:57.568643 I | etcdserver/membership: added member a8637664ca9721a5 [http://ec2-18-194-134-185.eu-central-1.compute.amazonaws.com:2380] to cluster 663a90b2fc437693
2017-09-20 12:26:57.568662 I | rafthttp: established a TCP streaming connection with peer 4947815f01d43c9c (stream MsgApp v2 writer)
2017-09-20 12:26:57.568729 I | rafthttp: established a TCP streaming connection with peer c7674291f0333bf7 (stream Message reader)
2017-09-20 12:26:57.568769 I | etcdserver/membership: added member c7674291f0333bf7 [http://ec2-18-196-0-107.eu-central-1.compute.amazonaws.com:2380] to cluster 663a90b2fc437693
2017-09-20 12:26:57.568902 I | etcdserver/membership: added member fe045def5d726446 [http://ec2-18-194-52-75.eu-central-1.compute.amazonaws.com:2380] to cluster 663a90b2fc437693
2017-09-20 12:26:57.569492 I | rafthttp: established a TCP streaming connection with peer c7674291f0333bf7 (stream MsgApp v2 reader)
2017-09-20 12:26:57.574691 I | rafthttp: peer a8637664ca9721a5 became active
2017-09-20 12:26:57.574710 I | rafthttp: established a TCP streaming connection with peer a8637664ca9721a5 (stream MsgApp v2 writer)
2017-09-20 12:26:57.574833 I | rafthttp: established a TCP streaming connection with peer a8637664ca9721a5 (stream Message writer)
2017-09-20 12:26:57.574900 I | rafthttp: established a TCP streaming connection with peer a8637664ca9721a5 (stream MsgApp v2 reader)
2017-09-20 12:26:57.574976 I | rafthttp: established a TCP streaming connection with peer a8637664ca9721a5 (stream Message reader)
2017-09-20 12:26:57.718650 I | raft: fe045def5d726446 [term: 1] received a MsgVote message with higher term from 1ff51c47e4f95221 [term: 2]
2017-09-20 12:26:57.718686 I | raft: fe045def5d726446 became follower at term 2
2017-09-20 12:26:57.718697 I | raft: fe045def5d726446 [logterm: 1, index: 5, vote: 0] cast MsgVote for 1ff51c47e4f95221 [logterm: 1, index: 5] at term 2
2017-09-20 12:26:57.720176 I | raft: raft.node: fe045def5d726446 elected leader 1ff51c47e4f95221 at term 2
2017-09-20 12:26:57.723801 I | etcdserver: published {Name:ec2-18-194-52-75.eu-central-1.compute.amazonaws.com ClientURLs:[http://ec2-18-194-52-75.eu-central-1.compute.amazonaws.com:2379]} to cluster 663a90b2fc437693
2017-09-20 12:26:57.723822 I | embed: ready to serve client requests
2017-09-20 12:26:57.724129 N | embed: serving insecure client requests on 172.31.20.19:2379, this is strongly discouraged!
2017-09-20 12:26:57.725410 E | etcdmain: forgot to set Type=notify in systemd service file?
2017-09-20 12:26:57.730137 N | etcdserver/membership: set the initial cluster version to 3.1
2017-09-20 12:26:57.730172 I | etcdserver/api: enabled capabilities for version 3.1
