2017-09-20 12:14:45,233{GMT}	INFO	[jepsen test runner] jepsen.core: Running test:
 {:nodes-file "/home/admin/nodes",
 :concurrency 5,
 :db
 #object[jepsen.etcdemo.Etcd 0x5292ceca "jepsen.etcdemo.Etcd@5292ceca"],
 :name "etcdemo",
 :start-time
 #object[org.joda.time.DateTime 0x73c9e8e8 "2017-09-20T12:14:45.000Z"],
 :net
 #object[jepsen.net$reify__187 0x5d5c04f9 "jepsen.net$reify__187@5d5c04f9"],
 :client
 #object[jepsen.client$reify__3277 0x61cd1c71 "jepsen.client$reify__3277@61cd1c71"],
 :barrier
 #object[java.util.concurrent.CyclicBarrier 0x546e61d5 "java.util.concurrent.CyclicBarrier@546e61d5"],
 :ssh
 {:username "admin",
  :password "root",
  :strict-host-key-checking false,
  :private-key-path nil},
 :checker
 #object[jepsen.checker$unbridled_optimism$reify__3133 0x5e65afb6 "jepsen.checker$unbridled_optimism$reify__3133@5e65afb6"],
 :nemesis
 #object[jepsen.nemesis$reify__220 0x277bf091 "jepsen.nemesis$reify__220@277bf091"],
 :active-histories #<Atom@6b2e46af: #{}>,
 :nodes
 ["ec2-18-194-87-54.eu-central-1.compute.amazonaws.com"
  "ec2-18-196-0-107.eu-central-1.compute.amazonaws.com"
  "ec2-18-194-134-185.eu-central-1.compute.amazonaws.com"
  "ec2-18-194-52-75.eu-central-1.compute.amazonaws.com"
  "ec2-35-156-80-2.eu-central-1.compute.amazonaws.com"],
 :test-count 1,
 :generator
 #object[jepsen.generator$reify__1841 0x3d904e9c "jepsen.generator$reify__1841@3d904e9c"],
 :os
 #object[jepsen.os.debian$reify__414 0x5d43409a "jepsen.os.debian$reify__414@5d43409a"],
 :time-limit 60,
 :model {}}

2017-09-20 12:14:45,948{GMT}	INFO	[jepsen node ec2-18-194-87-54.eu-central-1.compute.amazonaws.com] jepsen.os.debian: ec2-18-194-87-54.eu-central-1.compute.amazonaws.com setting up debian
2017-09-20 12:14:45,948{GMT}	INFO	[jepsen node ec2-35-156-80-2.eu-central-1.compute.amazonaws.com] jepsen.os.debian: ec2-35-156-80-2.eu-central-1.compute.amazonaws.com setting up debian
2017-09-20 12:14:45,948{GMT}	INFO	[jepsen node ec2-18-196-0-107.eu-central-1.compute.amazonaws.com] jepsen.os.debian: ec2-18-196-0-107.eu-central-1.compute.amazonaws.com setting up debian
2017-09-20 12:14:45,948{GMT}	INFO	[jepsen node ec2-18-194-52-75.eu-central-1.compute.amazonaws.com] jepsen.os.debian: ec2-18-194-52-75.eu-central-1.compute.amazonaws.com setting up debian
2017-09-20 12:14:45,948{GMT}	INFO	[jepsen node ec2-18-194-134-185.eu-central-1.compute.amazonaws.com] jepsen.os.debian: ec2-18-194-134-185.eu-central-1.compute.amazonaws.com setting up debian
2017-09-20 12:14:46,715{GMT}	WARN	[jepsen node ec2-18-194-87-54.eu-central-1.compute.amazonaws.com] jepsen.control: Encountered error with conn [:control "ec2-18-194-87-54.eu-central-1.compute.amazonaws.com"]; reopening
2017-09-20 12:14:48,762{GMT}	INFO	[jepsen node ec2-18-194-87-54.eu-central-1.compute.amazonaws.com] jepsen.etcdemo: Tearing down etcd
2017-09-20 12:14:48,762{GMT}	INFO	[jepsen node ec2-18-194-87-54.eu-central-1.compute.amazonaws.com] jepsen.etcdemo: Setting up etcd
2017-09-20 12:14:48,762{GMT}	INFO	[jepsen node ec2-35-156-80-2.eu-central-1.compute.amazonaws.com] jepsen.etcdemo: Tearing down etcd
2017-09-20 12:14:48,763{GMT}	INFO	[jepsen node ec2-35-156-80-2.eu-central-1.compute.amazonaws.com] jepsen.etcdemo: Setting up etcd
2017-09-20 12:14:48,763{GMT}	INFO	[jepsen node ec2-18-194-52-75.eu-central-1.compute.amazonaws.com] jepsen.etcdemo: Tearing down etcd
2017-09-20 12:14:48,763{GMT}	INFO	[jepsen node ec2-18-194-134-185.eu-central-1.compute.amazonaws.com] jepsen.etcdemo: Tearing down etcd
2017-09-20 12:14:48,763{GMT}	INFO	[jepsen node ec2-18-194-52-75.eu-central-1.compute.amazonaws.com] jepsen.etcdemo: Setting up etcd
2017-09-20 12:14:48,763{GMT}	INFO	[jepsen node ec2-18-194-134-185.eu-central-1.compute.amazonaws.com] jepsen.etcdemo: Setting up etcd
2017-09-20 12:14:48,766{GMT}	INFO	[jepsen node ec2-18-196-0-107.eu-central-1.compute.amazonaws.com] jepsen.etcdemo: Tearing down etcd
2017-09-20 12:14:48,767{GMT}	INFO	[jepsen node ec2-18-196-0-107.eu-central-1.compute.amazonaws.com] jepsen.etcdemo: Setting up etcd
2017-09-20 12:14:50,182{GMT}	INFO	[jepsen node ec2-35-156-80-2.eu-central-1.compute.amazonaws.com] jepsen.etcdemo: client-url= http://ec2-35-156-80-2.eu-central-1.compute.amazonaws.com:2379
2017-09-20 12:14:50,185{GMT}	INFO	[jepsen node ec2-18-194-134-185.eu-central-1.compute.amazonaws.com] jepsen.etcdemo: client-url= http://ec2-18-194-134-185.eu-central-1.compute.amazonaws.com:2379
2017-09-20 12:14:50,185{GMT}	INFO	[jepsen node ec2-18-194-87-54.eu-central-1.compute.amazonaws.com] jepsen.etcdemo: client-url= http://ec2-18-194-87-54.eu-central-1.compute.amazonaws.com:2379
2017-09-20 12:14:50,186{GMT}	INFO	[jepsen node ec2-18-194-52-75.eu-central-1.compute.amazonaws.com] jepsen.etcdemo: client-url= http://ec2-18-194-52-75.eu-central-1.compute.amazonaws.com:2379
2017-09-20 12:14:50,186{GMT}	INFO	[jepsen node ec2-18-196-0-107.eu-central-1.compute.amazonaws.com] jepsen.etcdemo: client-url= http://ec2-18-196-0-107.eu-central-1.compute.amazonaws.com:2379
2017-09-20 12:14:50,190{GMT}	INFO	[jepsen nemesis] jepsen.core: Nemesis starting
2017-09-20 12:14:50,191{GMT}	INFO	[jepsen nemesis] jepsen.core: nemesis done
2017-09-20 12:14:50,192{GMT}	INFO	[jepsen worker 0] jepsen.core: Worker 0 starting
2017-09-20 12:14:50,192{GMT}	INFO	[jepsen worker 2] jepsen.core: Worker 2 starting
2017-09-20 12:14:50,192{GMT}	INFO	[jepsen worker 4] jepsen.core: Worker 4 starting
2017-09-20 12:14:50,192{GMT}	INFO	[jepsen worker 0] jepsen.core: Worker 0 done
2017-09-20 12:14:50,192{GMT}	INFO	[jepsen worker 2] jepsen.core: Worker 2 done
2017-09-20 12:14:50,192{GMT}	INFO	[jepsen worker 1] jepsen.core: Worker 1 starting
2017-09-20 12:14:50,192{GMT}	INFO	[jepsen worker 4] jepsen.core: Worker 4 done
2017-09-20 12:14:50,192{GMT}	INFO	[jepsen worker 3] jepsen.core: Worker 3 starting
2017-09-20 12:14:50,193{GMT}	INFO	[jepsen worker 1] jepsen.core: Worker 1 done
2017-09-20 12:14:50,193{GMT}	INFO	[jepsen worker 3] jepsen.core: Worker 3 done
2017-09-20 12:14:50,194{GMT}	INFO	[jepsen test runner] jepsen.core: Waiting for nemesis to complete
2017-09-20 12:14:50,194{GMT}	INFO	[jepsen test runner] jepsen.core: nemesis done.
2017-09-20 12:14:50,194{GMT}	INFO	[jepsen test runner] jepsen.core: Tearing down nemesis
2017-09-20 12:14:50,195{GMT}	INFO	[jepsen test runner] jepsen.core: Nemesis torn down
2017-09-20 12:14:50,196{GMT}	INFO	[jepsen test runner] jepsen.core: Run complete, writing
2017-09-20 12:14:50,212{GMT}	INFO	[jepsen node ec2-18-194-87-54.eu-central-1.compute.amazonaws.com] jepsen.etcdemo: Tearing down etcd
2017-09-20 12:14:50,212{GMT}	INFO	[jepsen node ec2-18-196-0-107.eu-central-1.compute.amazonaws.com] jepsen.etcdemo: Tearing down etcd
2017-09-20 12:14:50,212{GMT}	INFO	[jepsen node ec2-18-194-134-185.eu-central-1.compute.amazonaws.com] jepsen.etcdemo: Tearing down etcd
2017-09-20 12:14:50,213{GMT}	INFO	[jepsen node ec2-18-194-52-75.eu-central-1.compute.amazonaws.com] jepsen.etcdemo: Tearing down etcd
2017-09-20 12:14:50,213{GMT}	INFO	[jepsen node ec2-35-156-80-2.eu-central-1.compute.amazonaws.com] jepsen.etcdemo: Tearing down etcd
2017-09-20 12:14:50,216{GMT}	INFO	[jepsen test runner] jepsen.core: Analyzing
2017-09-20 12:14:50,216{GMT}	INFO	[jepsen test runner] jepsen.core: Analysis complete
2017-09-20 12:14:50,218{GMT}	INFO	[jepsen results] jepsen.store: Wrote /home/admin/jepsen.etcdemo/store/etcdemo/20170920T121445.000Z/results.edn
2017-09-20 12:14:50,220{GMT}	INFO	[main] jepsen.core: {:valid? true}


Everything looks good! ヽ(‘ー`)ノ
