2017-09-20 12:15:41,475{GMT}	INFO	[jepsen test runner] jepsen.core: Running test:
 {:nodes-file "/home/admin/nodes",
 :concurrency 5,
 :db
 #object[jepsen.etcdemo.Etcd 0x4110765e "jepsen.etcdemo.Etcd@4110765e"],
 :name "etcdemo",
 :start-time
 #object[org.joda.time.DateTime 0x64984b0f "2017-09-20T12:15:41.000Z"],
 :net
 #object[jepsen.net$reify__187 0x4339baec "jepsen.net$reify__187@4339baec"],
 :client
 #object[jepsen.client$reify__3277 0x5bc7e78e "jepsen.client$reify__3277@5bc7e78e"],
 :barrier
 #object[java.util.concurrent.CyclicBarrier 0x35d5ac51 "java.util.concurrent.CyclicBarrier@35d5ac51"],
 :ssh
 {:username "admin",
  :password "root",
  :strict-host-key-checking false,
  :private-key-path nil},
 :checker
 #object[jepsen.checker$unbridled_optimism$reify__3133 0x5ef6fd7f "jepsen.checker$unbridled_optimism$reify__3133@5ef6fd7f"],
 :nemesis
 #object[jepsen.nemesis$reify__220 0x1dba4e06 "jepsen.nemesis$reify__220@1dba4e06"],
 :active-histories #<Atom@2af69643: #{}>,
 :nodes
 ["ec2-18-194-87-54.eu-central-1.compute.amazonaws.com"
  "ec2-18-196-0-107.eu-central-1.compute.amazonaws.com"
  "ec2-18-194-134-185.eu-central-1.compute.amazonaws.com"
  "ec2-18-194-52-75.eu-central-1.compute.amazonaws.com"
  "ec2-35-156-80-2.eu-central-1.compute.amazonaws.com"],
 :test-count 1,
 :generator
 #object[jepsen.generator$reify__1841 0x210308d5 "jepsen.generator$reify__1841@210308d5"],
 :os
 #object[jepsen.os.debian$reify__414 0x2127e66e "jepsen.os.debian$reify__414@2127e66e"],
 :time-limit 60,
 :model {}}

2017-09-20 12:15:42,188{GMT}	INFO	[jepsen node ec2-18-194-87-54.eu-central-1.compute.amazonaws.com] jepsen.os.debian: ec2-18-194-87-54.eu-central-1.compute.amazonaws.com setting up debian
2017-09-20 12:15:42,188{GMT}	INFO	[jepsen node ec2-18-194-52-75.eu-central-1.compute.amazonaws.com] jepsen.os.debian: ec2-18-194-52-75.eu-central-1.compute.amazonaws.com setting up debian
2017-09-20 12:15:42,188{GMT}	INFO	[jepsen node ec2-35-156-80-2.eu-central-1.compute.amazonaws.com] jepsen.os.debian: ec2-35-156-80-2.eu-central-1.compute.amazonaws.com setting up debian
2017-09-20 12:15:42,188{GMT}	INFO	[jepsen node ec2-18-196-0-107.eu-central-1.compute.amazonaws.com] jepsen.os.debian: ec2-18-196-0-107.eu-central-1.compute.amazonaws.com setting up debian
2017-09-20 12:15:42,190{GMT}	INFO	[jepsen node ec2-18-194-134-185.eu-central-1.compute.amazonaws.com] jepsen.os.debian: ec2-18-194-134-185.eu-central-1.compute.amazonaws.com setting up debian
2017-09-20 12:15:43,940{GMT}	INFO	[jepsen node ec2-35-156-80-2.eu-central-1.compute.amazonaws.com] jepsen.etcdemo: Tearing down etcd
2017-09-20 12:15:43,940{GMT}	INFO	[jepsen node ec2-35-156-80-2.eu-central-1.compute.amazonaws.com] jepsen.etcdemo: Setting up etcd
2017-09-20 12:15:43,941{GMT}	INFO	[jepsen node ec2-18-194-134-185.eu-central-1.compute.amazonaws.com] jepsen.etcdemo: Tearing down etcd
2017-09-20 12:15:43,941{GMT}	INFO	[jepsen node ec2-18-194-134-185.eu-central-1.compute.amazonaws.com] jepsen.etcdemo: Setting up etcd
2017-09-20 12:15:43,941{GMT}	INFO	[jepsen node ec2-18-194-87-54.eu-central-1.compute.amazonaws.com] jepsen.etcdemo: Tearing down etcd
2017-09-20 12:15:43,942{GMT}	INFO	[jepsen node ec2-18-194-87-54.eu-central-1.compute.amazonaws.com] jepsen.etcdemo: Setting up etcd
2017-09-20 12:15:43,943{GMT}	INFO	[jepsen node ec2-18-196-0-107.eu-central-1.compute.amazonaws.com] jepsen.etcdemo: Tearing down etcd
2017-09-20 12:15:43,943{GMT}	INFO	[jepsen node ec2-18-196-0-107.eu-central-1.compute.amazonaws.com] jepsen.etcdemo: Setting up etcd
2017-09-20 12:15:43,942{GMT}	INFO	[jepsen node ec2-18-194-52-75.eu-central-1.compute.amazonaws.com] jepsen.etcdemo: Tearing down etcd
2017-09-20 12:15:43,943{GMT}	INFO	[jepsen node ec2-18-194-52-75.eu-central-1.compute.amazonaws.com] jepsen.etcdemo: Setting up etcd
2017-09-20 12:15:45,355{GMT}	INFO	[jepsen node ec2-18-194-134-185.eu-central-1.compute.amazonaws.com] jepsen.etcdemo: client-url= http://ec2-18-194-134-185.eu-central-1.compute.amazonaws.com:2379
2017-09-20 12:15:45,356{GMT}	INFO	[jepsen node ec2-18-194-134-185.eu-central-1.compute.amazonaws.com] jepsen.etcdemo: initial-cluster= ec2-18-194-87-54.eu-central-1.compute.amazonaws.com=http://ec2-18-194-87-54.eu-central-1.compute.amazonaws.com:2380,ec2-18-196-0-107.eu-central-1.compute.amazonaws.com=http://ec2-18-196-0-107.eu-central-1.compute.amazonaws.com:2380,ec2-18-194-134-185.eu-central-1.compute.amazonaws.com=http://ec2-18-194-134-185.eu-central-1.compute.amazonaws.com:2380,ec2-18-194-52-75.eu-central-1.compute.amazonaws.com=http://ec2-18-194-52-75.eu-central-1.compute.amazonaws.com:2380,ec2-35-156-80-2.eu-central-1.compute.amazonaws.com=http://ec2-35-156-80-2.eu-central-1.compute.amazonaws.com:2380
2017-09-20 12:15:45,356{GMT}	INFO	[jepsen node ec2-35-156-80-2.eu-central-1.compute.amazonaws.com] jepsen.etcdemo: client-url= http://ec2-35-156-80-2.eu-central-1.compute.amazonaws.com:2379
2017-09-20 12:15:45,356{GMT}	INFO	[jepsen node ec2-35-156-80-2.eu-central-1.compute.amazonaws.com] jepsen.etcdemo: initial-cluster= ec2-18-194-87-54.eu-central-1.compute.amazonaws.com=http://ec2-18-194-87-54.eu-central-1.compute.amazonaws.com:2380,ec2-18-196-0-107.eu-central-1.compute.amazonaws.com=http://ec2-18-196-0-107.eu-central-1.compute.amazonaws.com:2380,ec2-18-194-134-185.eu-central-1.compute.amazonaws.com=http://ec2-18-194-134-185.eu-central-1.compute.amazonaws.com:2380,ec2-18-194-52-75.eu-central-1.compute.amazonaws.com=http://ec2-18-194-52-75.eu-central-1.compute.amazonaws.com:2380,ec2-35-156-80-2.eu-central-1.compute.amazonaws.com=http://ec2-35-156-80-2.eu-central-1.compute.amazonaws.com:2380
2017-09-20 12:15:45,356{GMT}	INFO	[jepsen node ec2-18-194-87-54.eu-central-1.compute.amazonaws.com] jepsen.etcdemo: client-url= http://ec2-18-194-87-54.eu-central-1.compute.amazonaws.com:2379
2017-09-20 12:15:45,357{GMT}	INFO	[jepsen node ec2-18-194-87-54.eu-central-1.compute.amazonaws.com] jepsen.etcdemo: initial-cluster= ec2-18-194-87-54.eu-central-1.compute.amazonaws.com=http://ec2-18-194-87-54.eu-central-1.compute.amazonaws.com:2380,ec2-18-196-0-107.eu-central-1.compute.amazonaws.com=http://ec2-18-196-0-107.eu-central-1.compute.amazonaws.com:2380,ec2-18-194-134-185.eu-central-1.compute.amazonaws.com=http://ec2-18-194-134-185.eu-central-1.compute.amazonaws.com:2380,ec2-18-194-52-75.eu-central-1.compute.amazonaws.com=http://ec2-18-194-52-75.eu-central-1.compute.amazonaws.com:2380,ec2-35-156-80-2.eu-central-1.compute.amazonaws.com=http://ec2-35-156-80-2.eu-central-1.compute.amazonaws.com:2380
2017-09-20 12:15:45,360{GMT}	INFO	[jepsen node ec2-18-196-0-107.eu-central-1.compute.amazonaws.com] jepsen.etcdemo: client-url= http://ec2-18-196-0-107.eu-central-1.compute.amazonaws.com:2379
2017-09-20 12:15:45,360{GMT}	INFO	[jepsen node ec2-18-196-0-107.eu-central-1.compute.amazonaws.com] jepsen.etcdemo: initial-cluster= ec2-18-194-87-54.eu-central-1.compute.amazonaws.com=http://ec2-18-194-87-54.eu-central-1.compute.amazonaws.com:2380,ec2-18-196-0-107.eu-central-1.compute.amazonaws.com=http://ec2-18-196-0-107.eu-central-1.compute.amazonaws.com:2380,ec2-18-194-134-185.eu-central-1.compute.amazonaws.com=http://ec2-18-194-134-185.eu-central-1.compute.amazonaws.com:2380,ec2-18-194-52-75.eu-central-1.compute.amazonaws.com=http://ec2-18-194-52-75.eu-central-1.compute.amazonaws.com:2380,ec2-35-156-80-2.eu-central-1.compute.amazonaws.com=http://ec2-35-156-80-2.eu-central-1.compute.amazonaws.com:2380
2017-09-20 12:15:45,363{GMT}	INFO	[jepsen node ec2-18-194-52-75.eu-central-1.compute.amazonaws.com] jepsen.etcdemo: client-url= http://ec2-18-194-52-75.eu-central-1.compute.amazonaws.com:2379
2017-09-20 12:15:45,364{GMT}	INFO	[jepsen node ec2-18-194-52-75.eu-central-1.compute.amazonaws.com] jepsen.etcdemo: initial-cluster= ec2-18-194-87-54.eu-central-1.compute.amazonaws.com=http://ec2-18-194-87-54.eu-central-1.compute.amazonaws.com:2380,ec2-18-196-0-107.eu-central-1.compute.amazonaws.com=http://ec2-18-196-0-107.eu-central-1.compute.amazonaws.com:2380,ec2-18-194-134-185.eu-central-1.compute.amazonaws.com=http://ec2-18-194-134-185.eu-central-1.compute.amazonaws.com:2380,ec2-18-194-52-75.eu-central-1.compute.amazonaws.com=http://ec2-18-194-52-75.eu-central-1.compute.amazonaws.com:2380,ec2-35-156-80-2.eu-central-1.compute.amazonaws.com=http://ec2-35-156-80-2.eu-central-1.compute.amazonaws.com:2380
2017-09-20 12:15:45,368{GMT}	INFO	[jepsen nemesis] jepsen.core: Nemesis starting
2017-09-20 12:15:45,369{GMT}	INFO	[jepsen nemesis] jepsen.core: nemesis done
2017-09-20 12:15:45,370{GMT}	INFO	[jepsen worker 0] jepsen.core: Worker 0 starting
2017-09-20 12:15:45,370{GMT}	INFO	[jepsen worker 1] jepsen.core: Worker 1 starting
2017-09-20 12:15:45,370{GMT}	INFO	[jepsen worker 0] jepsen.core: Worker 0 done
2017-09-20 12:15:45,370{GMT}	INFO	[jepsen worker 1] jepsen.core: Worker 1 done
2017-09-20 12:15:45,371{GMT}	INFO	[jepsen worker 2] jepsen.core: Worker 2 starting
2017-09-20 12:15:45,371{GMT}	INFO	[jepsen worker 2] jepsen.core: Worker 2 done
2017-09-20 12:15:45,371{GMT}	INFO	[jepsen worker 3] jepsen.core: Worker 3 starting
2017-09-20 12:15:45,371{GMT}	INFO	[jepsen worker 3] jepsen.core: Worker 3 done
2017-09-20 12:15:45,371{GMT}	INFO	[jepsen worker 4] jepsen.core: Worker 4 starting
2017-09-20 12:15:45,372{GMT}	INFO	[jepsen worker 4] jepsen.core: Worker 4 done
2017-09-20 12:15:45,372{GMT}	INFO	[jepsen test runner] jepsen.core: Waiting for nemesis to complete
2017-09-20 12:15:45,372{GMT}	INFO	[jepsen test runner] jepsen.core: nemesis done.
2017-09-20 12:15:45,372{GMT}	INFO	[jepsen test runner] jepsen.core: Tearing down nemesis
2017-09-20 12:15:45,372{GMT}	INFO	[jepsen test runner] jepsen.core: Nemesis torn down
2017-09-20 12:15:45,373{GMT}	INFO	[jepsen test runner] jepsen.core: Run complete, writing
2017-09-20 12:15:45,392{GMT}	INFO	[jepsen node ec2-18-196-0-107.eu-central-1.compute.amazonaws.com] jepsen.etcdemo: Tearing down etcd
2017-09-20 12:15:45,392{GMT}	INFO	[jepsen node ec2-18-194-87-54.eu-central-1.compute.amazonaws.com] jepsen.etcdemo: Tearing down etcd
2017-09-20 12:15:45,393{GMT}	INFO	[jepsen node ec2-18-194-134-185.eu-central-1.compute.amazonaws.com] jepsen.etcdemo: Tearing down etcd
2017-09-20 12:15:45,393{GMT}	INFO	[jepsen node ec2-18-194-52-75.eu-central-1.compute.amazonaws.com] jepsen.etcdemo: Tearing down etcd
2017-09-20 12:15:45,393{GMT}	INFO	[jepsen node ec2-35-156-80-2.eu-central-1.compute.amazonaws.com] jepsen.etcdemo: Tearing down etcd
2017-09-20 12:15:45,403{GMT}	INFO	[jepsen test runner] jepsen.core: Analyzing
2017-09-20 12:15:45,404{GMT}	INFO	[jepsen test runner] jepsen.core: Analysis complete
2017-09-20 12:15:45,405{GMT}	INFO	[jepsen results] jepsen.store: Wrote /home/admin/jepsen.etcdemo/store/etcdemo/20170920T121541.000Z/results.edn
2017-09-20 12:15:45,408{GMT}	INFO	[main] jepsen.core: {:valid? true}


Everything looks good! ヽ(‘ー`)ノ
