2017-09-20 11:51:32,207{GMT}	INFO	[jepsen test runner] jepsen.core: Running test:
 {:nodes-file "/home/admin/nodes",
 :concurrency 5,
 :db
 #object[jepsen.etcdemo.Etcd 0x672b72ba "jepsen.etcdemo.Etcd@672b72ba"],
 :name "etcdemo",
 :start-time
 #object[org.joda.time.DateTime 0x46185a1b "2017-09-20T11:51:32.000Z"],
 :net
 #object[jepsen.net$reify__187 0x323f3c96 "jepsen.net$reify__187@323f3c96"],
 :client
 #object[jepsen.client$reify__3277 0x1bc0d349 "jepsen.client$reify__3277@1bc0d349"],
 :barrier
 #object[java.util.concurrent.CyclicBarrier 0x4110765e "java.util.concurrent.CyclicBarrier@4110765e"],
 :ssh
 {:username "admin",
  :password "root",
  :strict-host-key-checking false,
  :private-key-path nil},
 :checker
 #object[jepsen.checker$unbridled_optimism$reify__3133 0x58ff8d79 "jepsen.checker$unbridled_optimism$reify__3133@58ff8d79"],
 :nemesis
 #object[jepsen.nemesis$reify__220 0x5bc7e78e "jepsen.nemesis$reify__220@5bc7e78e"],
 :active-histories #<Atom@35d5ac51: #{}>,
 :nodes
 ["ec2-18-194-87-54.eu-central-1.compute.amazonaws.com"
  "ec2-18-196-0-107.eu-central-1.compute.amazonaws.com"
  "ec2-18-194-134-185.eu-central-1.compute.amazonaws.com"
  "ec2-18-194-52-75.eu-central-1.compute.amazonaws.com"
  "ec2-35-156-80-2.eu-central-1.compute.amazonaws.com"],
 :test-count 1,
 :generator
 #object[jepsen.generator$reify__1841 0x5d21202d "jepsen.generator$reify__1841@5d21202d"],
 :os
 #object[jepsen.os.debian$reify__414 0x4beaf6bd "jepsen.os.debian$reify__414@4beaf6bd"],
 :time-limit 60,
 :model {}}

2017-09-20 11:51:32,930{GMT}	INFO	[jepsen node ec2-18-196-0-107.eu-central-1.compute.amazonaws.com] jepsen.os.debian: ec2-18-196-0-107.eu-central-1.compute.amazonaws.com setting up debian
2017-09-20 11:51:32,933{GMT}	INFO	[jepsen node ec2-18-194-134-185.eu-central-1.compute.amazonaws.com] jepsen.os.debian: ec2-18-194-134-185.eu-central-1.compute.amazonaws.com setting up debian
2017-09-20 11:51:32,933{GMT}	INFO	[jepsen node ec2-35-156-80-2.eu-central-1.compute.amazonaws.com] jepsen.os.debian: ec2-35-156-80-2.eu-central-1.compute.amazonaws.com setting up debian
2017-09-20 11:51:32,933{GMT}	INFO	[jepsen node ec2-18-194-52-75.eu-central-1.compute.amazonaws.com] jepsen.os.debian: ec2-18-194-52-75.eu-central-1.compute.amazonaws.com setting up debian
2017-09-20 11:51:32,934{GMT}	INFO	[jepsen node ec2-18-194-87-54.eu-central-1.compute.amazonaws.com] jepsen.os.debian: ec2-18-194-87-54.eu-central-1.compute.amazonaws.com setting up debian
2017-09-20 11:51:34,688{GMT}	INFO	[jepsen node ec2-18-194-52-75.eu-central-1.compute.amazonaws.com] jepsen.etcdemo: Tearing down etcd
2017-09-20 11:51:34,688{GMT}	INFO	[jepsen node ec2-18-196-0-107.eu-central-1.compute.amazonaws.com] jepsen.etcdemo: Tearing down etcd
2017-09-20 11:51:34,689{GMT}	INFO	[jepsen node ec2-18-194-134-185.eu-central-1.compute.amazonaws.com] jepsen.etcdemo: Tearing down etcd
2017-09-20 11:51:34,689{GMT}	INFO	[jepsen node ec2-18-194-52-75.eu-central-1.compute.amazonaws.com] jepsen.etcdemo: Setting up etcd
2017-09-20 11:51:34,689{GMT}	INFO	[jepsen node ec2-18-196-0-107.eu-central-1.compute.amazonaws.com] jepsen.etcdemo: Setting up etcd
2017-09-20 11:51:34,689{GMT}	INFO	[jepsen node ec2-35-156-80-2.eu-central-1.compute.amazonaws.com] jepsen.etcdemo: Tearing down etcd
2017-09-20 11:51:34,689{GMT}	INFO	[jepsen node ec2-18-194-134-185.eu-central-1.compute.amazonaws.com] jepsen.etcdemo: Setting up etcd
2017-09-20 11:51:34,689{GMT}	INFO	[jepsen node ec2-18-194-87-54.eu-central-1.compute.amazonaws.com] jepsen.etcdemo: Tearing down etcd
2017-09-20 11:51:34,690{GMT}	INFO	[jepsen node ec2-35-156-80-2.eu-central-1.compute.amazonaws.com] jepsen.etcdemo: Setting up etcd
2017-09-20 11:51:34,690{GMT}	INFO	[jepsen node ec2-18-194-87-54.eu-central-1.compute.amazonaws.com] jepsen.etcdemo: Setting up etcd
2017-09-20 11:51:34,694{GMT}	INFO	[jepsen nemesis] jepsen.core: Nemesis starting
2017-09-20 11:51:34,695{GMT}	INFO	[jepsen nemesis] jepsen.core: nemesis done
2017-09-20 11:51:34,698{GMT}	INFO	[jepsen worker 1] jepsen.core: Worker 1 starting
2017-09-20 11:51:34,698{GMT}	INFO	[jepsen worker 0] jepsen.core: Worker 0 starting
2017-09-20 11:51:34,698{GMT}	INFO	[jepsen worker 1] jepsen.core: Worker 1 done
2017-09-20 11:51:34,698{GMT}	INFO	[jepsen worker 0] jepsen.core: Worker 0 done
2017-09-20 11:51:34,698{GMT}	INFO	[jepsen worker 2] jepsen.core: Worker 2 starting
2017-09-20 11:51:34,699{GMT}	INFO	[jepsen worker 2] jepsen.core: Worker 2 done
2017-09-20 11:51:34,699{GMT}	INFO	[jepsen worker 3] jepsen.core: Worker 3 starting
2017-09-20 11:51:34,700{GMT}	INFO	[jepsen worker 3] jepsen.core: Worker 3 done
2017-09-20 11:51:34,700{GMT}	INFO	[jepsen worker 4] jepsen.core: Worker 4 starting
2017-09-20 11:51:34,700{GMT}	INFO	[jepsen worker 4] jepsen.core: Worker 4 done
2017-09-20 11:51:34,700{GMT}	INFO	[jepsen test runner] jepsen.core: Waiting for nemesis to complete
2017-09-20 11:51:34,701{GMT}	INFO	[jepsen test runner] jepsen.core: nemesis done.
2017-09-20 11:51:34,701{GMT}	INFO	[jepsen test runner] jepsen.core: Tearing down nemesis
2017-09-20 11:51:34,701{GMT}	INFO	[jepsen test runner] jepsen.core: Nemesis torn down
2017-09-20 11:51:34,702{GMT}	INFO	[jepsen test runner] jepsen.core: Run complete, writing
2017-09-20 11:51:34,720{GMT}	INFO	[jepsen node ec2-18-194-134-185.eu-central-1.compute.amazonaws.com] jepsen.etcdemo: Tearing down etcd
2017-09-20 11:51:34,720{GMT}	INFO	[jepsen node ec2-18-196-0-107.eu-central-1.compute.amazonaws.com] jepsen.etcdemo: Tearing down etcd
2017-09-20 11:51:34,720{GMT}	INFO	[jepsen node ec2-18-194-87-54.eu-central-1.compute.amazonaws.com] jepsen.etcdemo: Tearing down etcd
2017-09-20 11:51:34,721{GMT}	INFO	[jepsen node ec2-35-156-80-2.eu-central-1.compute.amazonaws.com] jepsen.etcdemo: Tearing down etcd
2017-09-20 11:51:34,721{GMT}	INFO	[jepsen node ec2-18-194-52-75.eu-central-1.compute.amazonaws.com] jepsen.etcdemo: Tearing down etcd
2017-09-20 11:51:34,729{GMT}	INFO	[jepsen test runner] jepsen.core: Analyzing
2017-09-20 11:51:34,729{GMT}	INFO	[jepsen test runner] jepsen.core: Analysis complete
2017-09-20 11:51:34,731{GMT}	INFO	[jepsen results] jepsen.store: Wrote /home/admin/jepsen.etcdemo/store/etcdemo/20170920T115132.000Z/results.edn
2017-09-20 11:51:34,733{GMT}	INFO	[main] jepsen.core: {:valid? true}


Everything looks good! ヽ(‘ー`)ノ
