2017-09-20 12:04:24,804{GMT}	INFO	[jepsen test runner] jepsen.core: Running test:
 {:nodes-file "/home/admin/nodes",
 :concurrency 5,
 :db
 #object[jepsen.etcdemo.Etcd 0x1a865273 "jepsen.etcdemo.Etcd@1a865273"],
 :name "etcdemo",
 :start-time
 #object[org.joda.time.DateTime 0x1ac4ccad "2017-09-20T12:04:24.000Z"],
 :net
 #object[jepsen.net$reify__187 0x7899de11 "jepsen.net$reify__187@7899de11"],
 :client
 #object[jepsen.client$reify__3277 0xe9ef5b6 "jepsen.client$reify__3277@e9ef5b6"],
 :barrier
 #object[java.util.concurrent.CyclicBarrier 0x25d93198 "java.util.concurrent.CyclicBarrier@25d93198"],
 :ssh
 {:username "admin",
  :password "root",
  :strict-host-key-checking false,
  :private-key-path nil},
 :checker
 #object[jepsen.checker$unbridled_optimism$reify__3133 0x4b790d86 "jepsen.checker$unbridled_optimism$reify__3133@4b790d86"],
 :nemesis
 #object[jepsen.nemesis$reify__220 0x60783105 "jepsen.nemesis$reify__220@60783105"],
 :active-histories #<Atom@30364216: #{}>,
 :nodes
 ["ec2-18-194-87-54.eu-central-1.compute.amazonaws.com"
  "ec2-18-196-0-107.eu-central-1.compute.amazonaws.com"
  "ec2-18-194-134-185.eu-central-1.compute.amazonaws.com"
  "ec2-18-194-52-75.eu-central-1.compute.amazonaws.com"
  "ec2-35-156-80-2.eu-central-1.compute.amazonaws.com"],
 :test-count 1,
 :generator
 #object[jepsen.generator$reify__1841 0x277bf091 "jepsen.generator$reify__1841@277bf091"],
 :os
 #object[jepsen.os.debian$reify__414 0x3374b5bc "jepsen.os.debian$reify__414@3374b5bc"],
 :time-limit 60,
 :model {}}

2017-09-20 12:04:25,502{GMT}	INFO	[jepsen node ec2-18-196-0-107.eu-central-1.compute.amazonaws.com] jepsen.os.debian: ec2-18-196-0-107.eu-central-1.compute.amazonaws.com setting up debian
2017-09-20 12:04:25,502{GMT}	INFO	[jepsen node ec2-35-156-80-2.eu-central-1.compute.amazonaws.com] jepsen.os.debian: ec2-35-156-80-2.eu-central-1.compute.amazonaws.com setting up debian
2017-09-20 12:04:25,502{GMT}	INFO	[jepsen node ec2-18-194-52-75.eu-central-1.compute.amazonaws.com] jepsen.os.debian: ec2-18-194-52-75.eu-central-1.compute.amazonaws.com setting up debian
2017-09-20 12:04:25,503{GMT}	INFO	[jepsen node ec2-18-194-134-185.eu-central-1.compute.amazonaws.com] jepsen.os.debian: ec2-18-194-134-185.eu-central-1.compute.amazonaws.com setting up debian
2017-09-20 12:04:25,505{GMT}	INFO	[jepsen node ec2-18-194-87-54.eu-central-1.compute.amazonaws.com] jepsen.os.debian: ec2-18-194-87-54.eu-central-1.compute.amazonaws.com setting up debian
2017-09-20 12:04:27,258{GMT}	INFO	[jepsen node ec2-35-156-80-2.eu-central-1.compute.amazonaws.com] jepsen.etcdemo: Tearing down etcd
2017-09-20 12:04:27,258{GMT}	INFO	[jepsen node ec2-18-196-0-107.eu-central-1.compute.amazonaws.com] jepsen.etcdemo: Tearing down etcd
2017-09-20 12:04:27,258{GMT}	INFO	[jepsen node ec2-18-194-134-185.eu-central-1.compute.amazonaws.com] jepsen.etcdemo: Tearing down etcd
2017-09-20 12:04:27,258{GMT}	INFO	[jepsen node ec2-18-194-52-75.eu-central-1.compute.amazonaws.com] jepsen.etcdemo: Tearing down etcd
2017-09-20 12:04:27,259{GMT}	INFO	[jepsen node ec2-35-156-80-2.eu-central-1.compute.amazonaws.com] jepsen.etcdemo: Setting up etcd
2017-09-20 12:04:27,259{GMT}	INFO	[jepsen node ec2-18-196-0-107.eu-central-1.compute.amazonaws.com] jepsen.etcdemo: Setting up etcd
2017-09-20 12:04:27,259{GMT}	INFO	[jepsen node ec2-18-194-134-185.eu-central-1.compute.amazonaws.com] jepsen.etcdemo: Setting up etcd
2017-09-20 12:04:27,259{GMT}	INFO	[jepsen node ec2-18-194-52-75.eu-central-1.compute.amazonaws.com] jepsen.etcdemo: Setting up etcd
2017-09-20 12:04:27,260{GMT}	INFO	[jepsen node ec2-18-194-87-54.eu-central-1.compute.amazonaws.com] jepsen.etcdemo: Tearing down etcd
2017-09-20 12:04:27,260{GMT}	INFO	[jepsen node ec2-18-194-87-54.eu-central-1.compute.amazonaws.com] jepsen.etcdemo: Setting up etcd
2017-09-20 12:04:28,686{GMT}	INFO	[jepsen nemesis] jepsen.core: Nemesis starting
2017-09-20 12:04:28,686{GMT}	INFO	[jepsen nemesis] jepsen.core: nemesis done
2017-09-20 12:04:28,688{GMT}	INFO	[jepsen worker 0] jepsen.core: Worker 0 starting
2017-09-20 12:04:28,688{GMT}	INFO	[jepsen worker 2] jepsen.core: Worker 2 starting
2017-09-20 12:04:28,688{GMT}	INFO	[jepsen worker 4] jepsen.core: Worker 4 starting
2017-09-20 12:04:28,688{GMT}	INFO	[jepsen worker 0] jepsen.core: Worker 0 done
2017-09-20 12:04:28,688{GMT}	INFO	[jepsen worker 2] jepsen.core: Worker 2 done
2017-09-20 12:04:28,688{GMT}	INFO	[jepsen worker 4] jepsen.core: Worker 4 done
2017-09-20 12:04:28,688{GMT}	INFO	[jepsen worker 3] jepsen.core: Worker 3 starting
2017-09-20 12:04:28,688{GMT}	INFO	[jepsen worker 1] jepsen.core: Worker 1 starting
2017-09-20 12:04:28,689{GMT}	INFO	[jepsen worker 3] jepsen.core: Worker 3 done
2017-09-20 12:04:28,689{GMT}	INFO	[jepsen worker 1] jepsen.core: Worker 1 done
2017-09-20 12:04:28,690{GMT}	INFO	[jepsen test runner] jepsen.core: Waiting for nemesis to complete
2017-09-20 12:04:28,691{GMT}	INFO	[jepsen test runner] jepsen.core: nemesis done.
2017-09-20 12:04:28,691{GMT}	INFO	[jepsen test runner] jepsen.core: Tearing down nemesis
2017-09-20 12:04:28,691{GMT}	INFO	[jepsen test runner] jepsen.core: Nemesis torn down
2017-09-20 12:04:28,692{GMT}	INFO	[jepsen test runner] jepsen.core: Run complete, writing
2017-09-20 12:04:28,709{GMT}	INFO	[jepsen node ec2-18-194-87-54.eu-central-1.compute.amazonaws.com] jepsen.etcdemo: Tearing down etcd
2017-09-20 12:04:28,709{GMT}	INFO	[jepsen node ec2-18-196-0-107.eu-central-1.compute.amazonaws.com] jepsen.etcdemo: Tearing down etcd
2017-09-20 12:04:28,709{GMT}	INFO	[jepsen node ec2-18-194-52-75.eu-central-1.compute.amazonaws.com] jepsen.etcdemo: Tearing down etcd
2017-09-20 12:04:28,709{GMT}	INFO	[jepsen node ec2-18-194-134-185.eu-central-1.compute.amazonaws.com] jepsen.etcdemo: Tearing down etcd
2017-09-20 12:04:28,709{GMT}	INFO	[jepsen node ec2-35-156-80-2.eu-central-1.compute.amazonaws.com] jepsen.etcdemo: Tearing down etcd
2017-09-20 12:04:28,720{GMT}	INFO	[jepsen test runner] jepsen.core: Analyzing
2017-09-20 12:04:28,720{GMT}	INFO	[jepsen test runner] jepsen.core: Analysis complete
2017-09-20 12:04:28,722{GMT}	INFO	[jepsen results] jepsen.store: Wrote /home/admin/jepsen.etcdemo/store/etcdemo/20170920T120424.000Z/results.edn
2017-09-20 12:04:28,725{GMT}	INFO	[main] jepsen.core: {:valid? true}


Everything looks good! ヽ(‘ー`)ノ
