2017-09-20 13:57:44,212{GMT}	INFO	[jepsen test runner] jepsen.core: Running test:
 {:nodes-file "/home/admin/nodes",
 :concurrency 5,
 :db
 #object[jepsen.etcdemo.Etcd 0x6133e20b "jepsen.etcdemo.Etcd@6133e20b"],
 :name "etcdemo",
 :start-time
 #object[org.joda.time.DateTime 0x687a0e40 "2017-09-20T13:57:44.000Z"],
 :net
 #object[jepsen.net$reify__187 0x4fad51a3 "jepsen.net$reify__187@4fad51a3"],
 :client {:conn nil},
 :barrier
 #object[java.util.concurrent.CyclicBarrier 0x5e24592e "java.util.concurrent.CyclicBarrier@5e24592e"],
 :ssh
 {:username "admin",
  :password "root",
  :strict-host-key-checking false,
  :private-key-path nil},
 :checker
 #object[jepsen.checker$unbridled_optimism$reify__3133 0x45571cfc "jepsen.checker$unbridled_optimism$reify__3133@45571cfc"],
 :nemesis
 #object[jepsen.nemesis$reify__220 0x58e03769 "jepsen.nemesis$reify__220@58e03769"],
 :active-histories #<Atom@2969a9a6: #{}>,
 :nodes
 ["ec2-18-194-87-54.eu-central-1.compute.amazonaws.com"
  "ec2-18-196-0-107.eu-central-1.compute.amazonaws.com"
  "ec2-18-194-134-185.eu-central-1.compute.amazonaws.com"
  "ec2-18-194-52-75.eu-central-1.compute.amazonaws.com"
  "ec2-35-156-80-2.eu-central-1.compute.amazonaws.com"],
 :test-count 1,
 :generator
 #object[jepsen.generator$time_limit$reify__1895 0x4d20616a "jepsen.generator$time_limit$reify__1895@4d20616a"],
 :os
 #object[jepsen.os.debian$reify__414 0x1da75dde "jepsen.os.debian$reify__414@1da75dde"],
 :time-limit 60,
 :model {}}

2017-09-20 13:57:44,952{GMT}	INFO	[jepsen node ec2-18-196-0-107.eu-central-1.compute.amazonaws.com] jepsen.os.debian: ec2-18-196-0-107.eu-central-1.compute.amazonaws.com setting up debian
2017-09-20 13:57:44,954{GMT}	INFO	[jepsen node ec2-18-194-87-54.eu-central-1.compute.amazonaws.com] jepsen.os.debian: ec2-18-194-87-54.eu-central-1.compute.amazonaws.com setting up debian
2017-09-20 13:57:44,955{GMT}	INFO	[jepsen node ec2-35-156-80-2.eu-central-1.compute.amazonaws.com] jepsen.os.debian: ec2-35-156-80-2.eu-central-1.compute.amazonaws.com setting up debian
2017-09-20 13:57:44,955{GMT}	INFO	[jepsen node ec2-18-194-52-75.eu-central-1.compute.amazonaws.com] jepsen.os.debian: ec2-18-194-52-75.eu-central-1.compute.amazonaws.com setting up debian
2017-09-20 13:57:44,957{GMT}	INFO	[jepsen node ec2-18-194-134-185.eu-central-1.compute.amazonaws.com] jepsen.os.debian: ec2-18-194-134-185.eu-central-1.compute.amazonaws.com setting up debian
2017-09-20 13:57:45,583{GMT}	WARN	[jepsen node ec2-18-194-134-185.eu-central-1.compute.amazonaws.com] jepsen.control: Encountered error with conn [:control "ec2-18-194-134-185.eu-central-1.compute.amazonaws.com"]; reopening
2017-09-20 13:57:45,670{GMT}	WARN	[jepsen node ec2-18-194-52-75.eu-central-1.compute.amazonaws.com] jepsen.control: Encountered error with conn [:control "ec2-18-194-52-75.eu-central-1.compute.amazonaws.com"]; reopening
2017-09-20 13:57:47,922{GMT}	INFO	[jepsen node ec2-18-196-0-107.eu-central-1.compute.amazonaws.com] jepsen.etcdemo: Tearing down etcd
2017-09-20 13:57:47,922{GMT}	INFO	[jepsen node ec2-18-196-0-107.eu-central-1.compute.amazonaws.com] jepsen.control.util: Stopping etcd
2017-09-20 13:57:47,922{GMT}	INFO	[jepsen node ec2-35-156-80-2.eu-central-1.compute.amazonaws.com] jepsen.etcdemo: Tearing down etcd
2017-09-20 13:57:47,922{GMT}	INFO	[jepsen node ec2-35-156-80-2.eu-central-1.compute.amazonaws.com] jepsen.control.util: Stopping etcd
2017-09-20 13:57:47,923{GMT}	INFO	[jepsen node ec2-18-194-52-75.eu-central-1.compute.amazonaws.com] jepsen.etcdemo: Tearing down etcd
2017-09-20 13:57:47,923{GMT}	INFO	[jepsen node ec2-18-194-52-75.eu-central-1.compute.amazonaws.com] jepsen.control.util: Stopping etcd
2017-09-20 13:57:47,923{GMT}	INFO	[jepsen node ec2-18-194-87-54.eu-central-1.compute.amazonaws.com] jepsen.etcdemo: Tearing down etcd
2017-09-20 13:57:47,923{GMT}	INFO	[jepsen node ec2-18-194-87-54.eu-central-1.compute.amazonaws.com] jepsen.control.util: Stopping etcd
2017-09-20 13:57:47,924{GMT}	INFO	[jepsen node ec2-18-194-134-185.eu-central-1.compute.amazonaws.com] jepsen.etcdemo: Tearing down etcd
2017-09-20 13:57:47,924{GMT}	INFO	[jepsen node ec2-18-194-134-185.eu-central-1.compute.amazonaws.com] jepsen.control.util: Stopping etcd
2017-09-20 13:57:48,227{GMT}	INFO	[jepsen node ec2-35-156-80-2.eu-central-1.compute.amazonaws.com] jepsen.etcdemo: Setting up etcd
2017-09-20 13:57:48,227{GMT}	INFO	[jepsen node ec2-18-194-134-185.eu-central-1.compute.amazonaws.com] jepsen.etcdemo: Setting up etcd
2017-09-20 13:57:48,227{GMT}	INFO	[jepsen node ec2-18-194-52-75.eu-central-1.compute.amazonaws.com] jepsen.etcdemo: Setting up etcd
2017-09-20 13:57:48,228{GMT}	INFO	[jepsen node ec2-18-194-87-54.eu-central-1.compute.amazonaws.com] jepsen.etcdemo: Setting up etcd
2017-09-20 13:57:48,228{GMT}	INFO	[jepsen node ec2-18-196-0-107.eu-central-1.compute.amazonaws.com] jepsen.etcdemo: Setting up etcd
2017-09-20 13:57:49,643{GMT}	INFO	[jepsen node ec2-18-194-87-54.eu-central-1.compute.amazonaws.com] jepsen.control.util: starting etcd
2017-09-20 13:57:49,644{GMT}	INFO	[jepsen node ec2-18-194-52-75.eu-central-1.compute.amazonaws.com] jepsen.control.util: starting etcd
2017-09-20 13:57:49,644{GMT}	INFO	[jepsen node ec2-18-196-0-107.eu-central-1.compute.amazonaws.com] jepsen.control.util: starting etcd
2017-09-20 13:57:49,644{GMT}	INFO	[jepsen node ec2-35-156-80-2.eu-central-1.compute.amazonaws.com] jepsen.control.util: starting etcd
2017-09-20 13:57:49,645{GMT}	INFO	[jepsen node ec2-18-194-134-185.eu-central-1.compute.amazonaws.com] jepsen.control.util: starting etcd
2017-09-20 13:57:54,854{GMT}	INFO	[jepsen nemesis] jepsen.core: Nemesis starting
2017-09-20 13:57:54,855{GMT}	INFO	[jepsen nemesis] jepsen.core: nemesis done
2017-09-20 13:57:54,856{GMT}	INFO	[jepsen worker 1] jepsen.core: Worker 1 starting
2017-09-20 13:57:54,856{GMT}	INFO	[jepsen worker 2] jepsen.core: Worker 2 starting
2017-09-20 13:57:54,856{GMT}	INFO	[jepsen worker 3] jepsen.core: Worker 3 starting
2017-09-20 13:57:54,857{GMT}	INFO	[jepsen worker 4] jepsen.core: Worker 4 starting
2017-09-20 13:57:54,857{GMT}	INFO	[jepsen worker 0] jepsen.core: Worker 0 starting
2017-09-20 13:57:56,441{GMT}	INFO	[jepsen worker 4] jepsen.util: 4	:invoke	:write	2
2017-09-20 13:57:56,535{GMT}	INFO	[jepsen worker 4] jepsen.util: 4	:ok	:write	2
2017-09-20 13:57:57,972{GMT}	INFO	[jepsen worker 3] jepsen.util: 3	:invoke	:write	0
2017-09-20 13:57:57,973{GMT}	INFO	[jepsen worker 4] jepsen.util: 4	:invoke	:cas	[1 4]
2017-09-20 13:57:57,974{GMT}	INFO	[jepsen worker 0] jepsen.util: 0	:invoke	:cas	[4 0]
2017-09-20 13:57:57,974{GMT}	INFO	[jepsen worker 2] jepsen.util: 2	:invoke	:write	2
2017-09-20 13:57:57,976{GMT}	INFO	[jepsen worker 1] jepsen.util: 1	:invoke	:write	0
2017-09-20 13:57:57,985{GMT}	INFO	[jepsen worker 3] jepsen.util: 3	:ok	:write	0
2017-09-20 13:57:57,985{GMT}	INFO	[jepsen worker 1] jepsen.util: 1	:ok	:write	0
2017-09-20 13:57:57,987{GMT}	INFO	[jepsen worker 2] jepsen.util: 2	:ok	:write	2
2017-09-20 13:57:57,997{GMT}	INFO	[jepsen worker 0] jepsen.util: 0	:fail	:cas	[4 0]
2017-09-20 13:57:57,998{GMT}	INFO	[jepsen worker 4] jepsen.util: 4	:fail	:cas	[1 4]
2017-09-20 13:57:58,925{GMT}	INFO	[jepsen worker 4] jepsen.util: 4	:invoke	:read	nil
2017-09-20 13:57:58,930{GMT}	INFO	[jepsen worker 4] jepsen.util: 4	:ok	:read	2
2017-09-20 13:57:58,985{GMT}	INFO	[jepsen worker 0] jepsen.util: 0	:invoke	:write	3
2017-09-20 13:57:58,991{GMT}	INFO	[jepsen worker 0] jepsen.util: 0	:ok	:write	3
2017-09-20 13:57:59,398{GMT}	INFO	[jepsen worker 3] jepsen.util: 3	:invoke	:write	2
2017-09-20 13:57:59,404{GMT}	INFO	[jepsen worker 3] jepsen.util: 3	:ok	:write	2
2017-09-20 13:57:59,626{GMT}	INFO	[jepsen worker 2] jepsen.util: 2	:invoke	:read	nil
2017-09-20 13:57:59,629{GMT}	INFO	[jepsen worker 2] jepsen.util: 2	:ok	:read	2
2017-09-20 13:57:59,758{GMT}	INFO	[jepsen worker 0] jepsen.util: 0	:invoke	:write	4
2017-09-20 13:57:59,768{GMT}	INFO	[jepsen worker 0] jepsen.util: 0	:ok	:write	4
2017-09-20 13:57:59,828{GMT}	INFO	[jepsen worker 1] jepsen.util: 1	:invoke	:cas	[2 1]
2017-09-20 13:57:59,836{GMT}	INFO	[jepsen worker 1] jepsen.util: 1	:fail	:cas	[2 1]
2017-09-20 13:57:59,866{GMT}	INFO	[jepsen worker 0] jepsen.util: 0	:invoke	:cas	[1 2]
2017-09-20 13:57:59,872{GMT}	INFO	[jepsen worker 0] jepsen.util: 0	:fail	:cas	[1 2]
2017-09-20 13:58:00,105{GMT}	INFO	[jepsen worker 4] jepsen.util: 4	:invoke	:cas	[2 1]
2017-09-20 13:58:00,111{GMT}	INFO	[jepsen worker 4] jepsen.util: 4	:fail	:cas	[2 1]
2017-09-20 13:58:00,140{GMT}	INFO	[jepsen worker 4] jepsen.util: 4	:invoke	:cas	[3 1]
2017-09-20 13:58:00,147{GMT}	INFO	[jepsen worker 4] jepsen.util: 4	:fail	:cas	[3 1]
2017-09-20 13:58:00,291{GMT}	INFO	[jepsen worker 0] jepsen.util: 0	:invoke	:cas	[2 4]
2017-09-20 13:58:00,299{GMT}	INFO	[jepsen worker 0] jepsen.util: 0	:fail	:cas	[2 4]
2017-09-20 13:58:00,359{GMT}	INFO	[jepsen worker 1] jepsen.util: 1	:invoke	:read	nil
2017-09-20 13:58:00,363{GMT}	INFO	[jepsen worker 1] jepsen.util: 1	:ok	:read	4
2017-09-20 13:58:00,463{GMT}	INFO	[jepsen worker 1] jepsen.util: 1	:invoke	:read	nil
2017-09-20 13:58:00,466{GMT}	INFO	[jepsen worker 1] jepsen.util: 1	:ok	:read	4
2017-09-20 13:58:00,746{GMT}	INFO	[jepsen worker 2] jepsen.util: 2	:invoke	:cas	[4 0]
2017-09-20 13:58:00,752{GMT}	INFO	[jepsen worker 2] jepsen.util: 2	:ok	:cas	[4 0]
2017-09-20 13:58:00,823{GMT}	INFO	[jepsen worker 3] jepsen.util: 3	:invoke	:write	2
2017-09-20 13:58:00,828{GMT}	INFO	[jepsen worker 3] jepsen.util: 3	:ok	:write	2
2017-09-20 13:58:01,020{GMT}	INFO	[jepsen worker 3] jepsen.util: 3	:invoke	:write	3
2017-09-20 13:58:01,026{GMT}	INFO	[jepsen worker 3] jepsen.util: 3	:ok	:write	3
2017-09-20 13:58:01,076{GMT}	INFO	[jepsen worker 4] jepsen.util: 4	:invoke	:read	nil
2017-09-20 13:58:01,078{GMT}	INFO	[jepsen worker 4] jepsen.util: 4	:ok	:read	3
2017-09-20 13:58:01,425{GMT}	INFO	[jepsen worker 4] jepsen.util: 4	:invoke	:write	3
2017-09-20 13:58:01,430{GMT}	INFO	[jepsen worker 1] jepsen.util: 1	:invoke	:write	4
2017-09-20 13:58:01,430{GMT}	INFO	[jepsen worker 2] jepsen.util: 2	:invoke	:cas	[4 0]
2017-09-20 13:58:01,433{GMT}	INFO	[jepsen worker 4] jepsen.util: 4	:ok	:write	3
2017-09-20 13:58:01,435{GMT}	INFO	[jepsen worker 2] jepsen.util: 2	:fail	:cas	[4 0]
2017-09-20 13:58:01,446{GMT}	INFO	[jepsen worker 1] jepsen.util: 1	:ok	:write	4
2017-09-20 13:58:01,584{GMT}	INFO	[jepsen worker 3] jepsen.util: 3	:invoke	:cas	[2 2]
2017-09-20 13:58:01,595{GMT}	INFO	[jepsen worker 3] jepsen.util: 3	:fail	:cas	[2 2]
2017-09-20 13:58:01,899{GMT}	INFO	[jepsen worker 0] jepsen.util: 0	:invoke	:read	nil
2017-09-20 13:58:01,902{GMT}	INFO	[jepsen worker 0] jepsen.util: 0	:ok	:read	4
2017-09-20 13:58:02,297{GMT}	INFO	[jepsen worker 1] jepsen.util: 1	:invoke	:read	nil
2017-09-20 13:58:02,300{GMT}	INFO	[jepsen worker 1] jepsen.util: 1	:ok	:read	4
2017-09-20 13:58:02,623{GMT}	INFO	[jepsen worker 4] jepsen.util: 4	:invoke	:read	nil
2017-09-20 13:58:02,627{GMT}	INFO	[jepsen worker 4] jepsen.util: 4	:ok	:read	4
2017-09-20 13:58:02,679{GMT}	INFO	[jepsen worker 3] jepsen.util: 3	:invoke	:read	nil
2017-09-20 13:58:02,681{GMT}	INFO	[jepsen worker 3] jepsen.util: 3	:ok	:read	4
2017-09-20 13:58:02,897{GMT}	INFO	[jepsen worker 4] jepsen.util: 4	:invoke	:cas	[3 0]
2017-09-20 13:58:02,903{GMT}	INFO	[jepsen worker 4] jepsen.util: 4	:fail	:cas	[3 0]
2017-09-20 13:58:03,039{GMT}	INFO	[jepsen worker 4] jepsen.util: 4	:invoke	:cas	[0 2]
2017-09-20 13:58:03,042{GMT}	INFO	[jepsen worker 2] jepsen.util: 2	:invoke	:read	nil
2017-09-20 13:58:03,044{GMT}	INFO	[jepsen worker 2] jepsen.util: 2	:ok	:read	4
2017-09-20 13:58:03,045{GMT}	INFO	[jepsen worker 4] jepsen.util: 4	:fail	:cas	[0 2]
2017-09-20 13:58:03,128{GMT}	INFO	[jepsen worker 0] jepsen.util: 0	:invoke	:write	2
2017-09-20 13:58:03,133{GMT}	INFO	[jepsen worker 0] jepsen.util: 0	:ok	:write	2
2017-09-20 13:58:03,626{GMT}	INFO	[jepsen worker 0] jepsen.util: 0	:invoke	:cas	[1 3]
2017-09-20 13:58:03,633{GMT}	INFO	[jepsen worker 0] jepsen.util: 0	:fail	:cas	[1 3]
2017-09-20 13:58:03,866{GMT}	INFO	[jepsen worker 0] jepsen.util: 0	:invoke	:cas	[0 3]
2017-09-20 13:58:03,887{GMT}	INFO	[jepsen worker 0] jepsen.util: 0	:fail	:cas	[0 3]
2017-09-20 13:58:03,922{GMT}	INFO	[jepsen worker 1] jepsen.util: 1	:invoke	:read	nil
2017-09-20 13:58:03,924{GMT}	INFO	[jepsen worker 1] jepsen.util: 1	:ok	:read	2
2017-09-20 13:58:04,473{GMT}	INFO	[jepsen worker 1] jepsen.util: 1	:invoke	:cas	[3 2]
2017-09-20 13:58:04,479{GMT}	INFO	[jepsen worker 1] jepsen.util: 1	:fail	:cas	[3 2]
2017-09-20 13:58:04,486{GMT}	INFO	[jepsen worker 4] jepsen.util: 4	:invoke	:cas	[2 0]
2017-09-20 13:58:04,490{GMT}	INFO	[jepsen worker 4] jepsen.util: 4	:ok	:cas	[2 0]
2017-09-20 13:58:04,544{GMT}	INFO	[jepsen worker 3] jepsen.util: 3	:invoke	:read	nil
2017-09-20 13:58:04,546{GMT}	INFO	[jepsen worker 3] jepsen.util: 3	:ok	:read	0
2017-09-20 13:58:04,763{GMT}	INFO	[jepsen worker 4] jepsen.util: 4	:invoke	:cas	[0 3]
2017-09-20 13:58:04,767{GMT}	INFO	[jepsen worker 4] jepsen.util: 4	:ok	:cas	[0 3]
2017-09-20 13:58:04,947{GMT}	INFO	[jepsen worker 2] jepsen.util: 2	:invoke	:read	nil
2017-09-20 13:58:04,950{GMT}	INFO	[jepsen worker 2] jepsen.util: 2	:ok	:read	3
2017-09-20 13:58:05,724{GMT}	INFO	[jepsen worker 0] jepsen.util: 0	:invoke	:read	nil
2017-09-20 13:58:05,727{GMT}	INFO	[jepsen worker 0] jepsen.util: 0	:ok	:read	3
2017-09-20 13:58:06,101{GMT}	INFO	[jepsen worker 4] jepsen.util: 4	:invoke	:cas	[2 4]
2017-09-20 13:58:06,106{GMT}	INFO	[jepsen worker 4] jepsen.util: 4	:fail	:cas	[2 4]
2017-09-20 13:58:06,326{GMT}	INFO	[jepsen worker 3] jepsen.util: 3	:invoke	:write	4
2017-09-20 13:58:06,331{GMT}	INFO	[jepsen worker 3] jepsen.util: 3	:ok	:write	4
2017-09-20 13:58:06,341{GMT}	INFO	[jepsen worker 4] jepsen.util: 4	:invoke	:write	2
2017-09-20 13:58:06,345{GMT}	INFO	[jepsen worker 4] jepsen.util: 4	:ok	:write	2
2017-09-20 13:58:06,348{GMT}	INFO	[jepsen worker 1] jepsen.util: 1	:invoke	:cas	[0 0]
2017-09-20 13:58:06,353{GMT}	INFO	[jepsen worker 1] jepsen.util: 1	:fail	:cas	[0 0]
2017-09-20 13:58:06,355{GMT}	INFO	[jepsen worker 2] jepsen.util: 2	:invoke	:read	nil
2017-09-20 13:58:06,357{GMT}	INFO	[jepsen worker 2] jepsen.util: 2	:ok	:read	2
2017-09-20 13:58:06,557{GMT}	INFO	[jepsen worker 0] jepsen.util: 0	:invoke	:write	4
2017-09-20 13:58:06,561{GMT}	INFO	[jepsen worker 0] jepsen.util: 0	:ok	:write	4
2017-09-20 13:58:06,709{GMT}	INFO	[jepsen worker 4] jepsen.util: 4	:invoke	:read	nil
2017-09-20 13:58:06,711{GMT}	INFO	[jepsen worker 4] jepsen.util: 4	:ok	:read	4
2017-09-20 13:58:07,028{GMT}	INFO	[jepsen worker 1] jepsen.util: 1	:invoke	:write	1
2017-09-20 13:58:07,033{GMT}	INFO	[jepsen worker 1] jepsen.util: 1	:ok	:write	1
2017-09-20 13:58:07,242{GMT}	INFO	[jepsen worker 3] jepsen.util: 3	:invoke	:write	2
2017-09-20 13:58:07,248{GMT}	INFO	[jepsen worker 3] jepsen.util: 3	:ok	:write	2
2017-09-20 13:58:07,776{GMT}	INFO	[jepsen worker 0] jepsen.util: 0	:invoke	:write	4
2017-09-20 13:58:07,782{GMT}	INFO	[jepsen worker 0] jepsen.util: 0	:ok	:write	4
2017-09-20 13:58:07,835{GMT}	INFO	[jepsen worker 1] jepsen.util: 1	:invoke	:cas	[1 3]
2017-09-20 13:58:07,840{GMT}	INFO	[jepsen worker 1] jepsen.util: 1	:fail	:cas	[1 3]
2017-09-20 13:58:08,130{GMT}	INFO	[jepsen worker 2] jepsen.util: 2	:invoke	:write	1
2017-09-20 13:58:08,135{GMT}	INFO	[jepsen worker 2] jepsen.util: 2	:ok	:write	1
2017-09-20 13:58:08,290{GMT}	INFO	[jepsen worker 4] jepsen.util: 4	:invoke	:write	4
2017-09-20 13:58:08,294{GMT}	INFO	[jepsen worker 4] jepsen.util: 4	:ok	:write	4
2017-09-20 13:58:08,343{GMT}	INFO	[jepsen worker 3] jepsen.util: 3	:invoke	:cas	[4 1]
2017-09-20 13:58:08,348{GMT}	INFO	[jepsen worker 3] jepsen.util: 3	:ok	:cas	[4 1]
2017-09-20 13:58:08,493{GMT}	INFO	[jepsen worker 3] jepsen.util: 3	:invoke	:read	nil
2017-09-20 13:58:08,495{GMT}	INFO	[jepsen worker 3] jepsen.util: 3	:ok	:read	1
2017-09-20 13:58:08,704{GMT}	INFO	[jepsen worker 1] jepsen.util: 1	:invoke	:cas	[0 2]
2017-09-20 13:58:08,709{GMT}	INFO	[jepsen worker 1] jepsen.util: 1	:fail	:cas	[0 2]
2017-09-20 13:58:08,771{GMT}	INFO	[jepsen worker 2] jepsen.util: 2	:invoke	:cas	[2 3]
2017-09-20 13:58:08,776{GMT}	INFO	[jepsen worker 2] jepsen.util: 2	:fail	:cas	[2 3]
2017-09-20 13:58:08,970{GMT}	INFO	[jepsen worker 2] jepsen.util: 2	:invoke	:cas	[0 3]
2017-09-20 13:58:08,976{GMT}	INFO	[jepsen worker 2] jepsen.util: 2	:fail	:cas	[0 3]
2017-09-20 13:58:09,113{GMT}	INFO	[jepsen worker 3] jepsen.util: 3	:invoke	:read	nil
2017-09-20 13:58:09,116{GMT}	INFO	[jepsen worker 3] jepsen.util: 3	:ok	:read	1
2017-09-20 13:58:09,180{GMT}	INFO	[jepsen worker 1] jepsen.util: 1	:invoke	:cas	[4 2]
2017-09-20 13:58:09,185{GMT}	INFO	[jepsen worker 1] jepsen.util: 1	:fail	:cas	[4 2]
2017-09-20 13:58:09,493{GMT}	INFO	[jepsen worker 0] jepsen.util: 0	:invoke	:read	nil
2017-09-20 13:58:09,496{GMT}	INFO	[jepsen worker 0] jepsen.util: 0	:ok	:read	1
2017-09-20 13:58:09,683{GMT}	INFO	[jepsen worker 2] jepsen.util: 2	:invoke	:write	3
2017-09-20 13:58:09,688{GMT}	INFO	[jepsen worker 2] jepsen.util: 2	:ok	:write	3
2017-09-20 13:58:09,928{GMT}	INFO	[jepsen worker 1] jepsen.util: 1	:invoke	:read	nil
2017-09-20 13:58:09,930{GMT}	INFO	[jepsen worker 1] jepsen.util: 1	:ok	:read	3
2017-09-20 13:58:09,930{GMT}	INFO	[jepsen worker 1] jepsen.core: Worker 1 done
2017-09-20 13:58:10,029{GMT}	INFO	[jepsen worker 4] jepsen.util: 4	:invoke	:write	3
2017-09-20 13:58:10,033{GMT}	INFO	[jepsen worker 4] jepsen.util: 4	:ok	:write	3
2017-09-20 13:58:10,033{GMT}	INFO	[jepsen worker 4] jepsen.core: Worker 4 done
2017-09-20 13:58:11,021{GMT}	INFO	[jepsen worker 3] jepsen.util: 3	:invoke	:cas	[3 2]
2017-09-20 13:58:11,026{GMT}	INFO	[jepsen worker 3] jepsen.util: 3	:ok	:cas	[3 2]
2017-09-20 13:58:11,026{GMT}	INFO	[jepsen worker 3] jepsen.core: Worker 3 done
2017-09-20 13:58:11,085{GMT}	INFO	[jepsen worker 0] jepsen.util: 0	:invoke	:cas	[4 1]
2017-09-20 13:58:11,091{GMT}	INFO	[jepsen worker 0] jepsen.util: 0	:fail	:cas	[4 1]
2017-09-20 13:58:11,091{GMT}	INFO	[jepsen worker 0] jepsen.core: Worker 0 done
2017-09-20 13:58:11,653{GMT}	INFO	[jepsen worker 2] jepsen.util: 2	:invoke	:cas	[2 0]
2017-09-20 13:58:11,659{GMT}	INFO	[jepsen worker 2] jepsen.util: 2	:ok	:cas	[2 0]
2017-09-20 13:58:11,659{GMT}	INFO	[jepsen worker 2] jepsen.core: Worker 2 done
2017-09-20 13:58:11,660{GMT}	INFO	[jepsen test runner] jepsen.core: Waiting for nemesis to complete
2017-09-20 13:58:11,660{GMT}	INFO	[jepsen test runner] jepsen.core: nemesis done.
2017-09-20 13:58:11,660{GMT}	INFO	[jepsen test runner] jepsen.core: Tearing down nemesis
2017-09-20 13:58:11,660{GMT}	INFO	[jepsen test runner] jepsen.core: Nemesis torn down
2017-09-20 13:58:11,661{GMT}	INFO	[jepsen test runner] jepsen.core: Snarfing log files
2017-09-20 13:58:11,663{GMT}	INFO	[jepsen node ec2-18-194-52-75.eu-central-1.compute.amazonaws.com] jepsen.core: downloading /opt/etcd/etcd.log to etcd.log
2017-09-20 13:58:11,663{GMT}	INFO	[jepsen node ec2-35-156-80-2.eu-central-1.compute.amazonaws.com] jepsen.core: downloading /opt/etcd/etcd.log to etcd.log
2017-09-20 13:58:11,664{GMT}	INFO	[jepsen node ec2-18-196-0-107.eu-central-1.compute.amazonaws.com] jepsen.core: downloading /opt/etcd/etcd.log to etcd.log
2017-09-20 13:58:11,664{GMT}	INFO	[jepsen node ec2-18-194-87-54.eu-central-1.compute.amazonaws.com] jepsen.core: downloading /opt/etcd/etcd.log to etcd.log
2017-09-20 13:58:11,664{GMT}	INFO	[jepsen node ec2-18-194-134-185.eu-central-1.compute.amazonaws.com] jepsen.core: downloading /opt/etcd/etcd.log to etcd.log
2017-09-20 13:58:11,681{GMT}	INFO	[jepsen test runner] jepsen.core: Run complete, writing
2017-09-20 13:58:11,716{GMT}	INFO	[jepsen node ec2-18-196-0-107.eu-central-1.compute.amazonaws.com] jepsen.etcdemo: Tearing down etcd
2017-09-20 13:58:11,716{GMT}	INFO	[jepsen node ec2-18-194-134-185.eu-central-1.compute.amazonaws.com] jepsen.etcdemo: Tearing down etcd
2017-09-20 13:58:11,716{GMT}	INFO	[jepsen node ec2-18-194-52-75.eu-central-1.compute.amazonaws.com] jepsen.etcdemo: Tearing down etcd
2017-09-20 13:58:11,716{GMT}	INFO	[jepsen node ec2-18-196-0-107.eu-central-1.compute.amazonaws.com] jepsen.control.util: Stopping etcd
2017-09-20 13:58:11,716{GMT}	INFO	[jepsen node ec2-35-156-80-2.eu-central-1.compute.amazonaws.com] jepsen.etcdemo: Tearing down etcd
2017-09-20 13:58:11,716{GMT}	INFO	[jepsen node ec2-18-194-134-185.eu-central-1.compute.amazonaws.com] jepsen.control.util: Stopping etcd
2017-09-20 13:58:11,716{GMT}	INFO	[jepsen node ec2-18-194-52-75.eu-central-1.compute.amazonaws.com] jepsen.control.util: Stopping etcd
2017-09-20 13:58:11,716{GMT}	INFO	[jepsen node ec2-35-156-80-2.eu-central-1.compute.amazonaws.com] jepsen.control.util: Stopping etcd
2017-09-20 13:58:11,716{GMT}	INFO	[jepsen node ec2-18-194-87-54.eu-central-1.compute.amazonaws.com] jepsen.etcdemo: Tearing down etcd
2017-09-20 13:58:11,717{GMT}	INFO	[jepsen node ec2-18-194-87-54.eu-central-1.compute.amazonaws.com] jepsen.control.util: Stopping etcd
2017-09-20 13:58:12,022{GMT}	INFO	[jepsen test runner] jepsen.core: Analyzing
2017-09-20 13:58:12,023{GMT}	INFO	[jepsen test runner] jepsen.core: Analysis complete
2017-09-20 13:58:12,025{GMT}	INFO	[jepsen results] jepsen.store: Wrote /home/admin/jepsen.etcdemo/store/etcdemo/20170920T135744.000Z/results.edn
2017-09-20 13:58:12,030{GMT}	INFO	[main] jepsen.core: {:valid? true}


Everything looks good! ヽ(‘ー`)ノ
