2017-09-20 13:41:29,901{GMT}	INFO	[jepsen test runner] jepsen.core: Running test:
 {:nodes-file "/home/admin/nodes",
 :concurrency 5,
 :db
 #object[jepsen.etcdemo.Etcd 0x60fc7f43 "jepsen.etcdemo.Etcd@60fc7f43"],
 :name "etcdemo",
 :start-time
 #object[org.joda.time.DateTime 0x5eeee124 "2017-09-20T13:41:29.000Z"],
 :net
 #object[jepsen.net$reify__187 0xa9e8da1 "jepsen.net$reify__187@a9e8da1"],
 :client {:conn nil},
 :barrier
 #object[java.util.concurrent.CyclicBarrier 0x5ab7ac02 "java.util.concurrent.CyclicBarrier@5ab7ac02"],
 :ssh
 {:username "admin",
  :password "root",
  :strict-host-key-checking false,
  :private-key-path nil},
 :checker
 #object[jepsen.checker$unbridled_optimism$reify__3133 0x34f23816 "jepsen.checker$unbridled_optimism$reify__3133@34f23816"],
 :nemesis
 #object[jepsen.nemesis$reify__220 0x6b24ddd7 "jepsen.nemesis$reify__220@6b24ddd7"],
 :active-histories #<Atom@28831d69: #{}>,
 :nodes
 ["ec2-18-194-87-54.eu-central-1.compute.amazonaws.com"
  "ec2-18-196-0-107.eu-central-1.compute.amazonaws.com"
  "ec2-18-194-134-185.eu-central-1.compute.amazonaws.com"
  "ec2-18-194-52-75.eu-central-1.compute.amazonaws.com"
  "ec2-35-156-80-2.eu-central-1.compute.amazonaws.com"],
 :test-count 1,
 :generator
 #object[jepsen.generator$time_limit$reify__1895 0x628ba266 "jepsen.generator$time_limit$reify__1895@628ba266"],
 :os
 #object[jepsen.os.debian$reify__414 0x6ad6ae45 "jepsen.os.debian$reify__414@6ad6ae45"],
 :time-limit 60,
 :model {}}

2017-09-20 13:41:30,585{GMT}	INFO	[jepsen node ec2-18-196-0-107.eu-central-1.compute.amazonaws.com] jepsen.os.debian: ec2-18-196-0-107.eu-central-1.compute.amazonaws.com setting up debian
2017-09-20 13:41:30,587{GMT}	INFO	[jepsen node ec2-18-194-134-185.eu-central-1.compute.amazonaws.com] jepsen.os.debian: ec2-18-194-134-185.eu-central-1.compute.amazonaws.com setting up debian
2017-09-20 13:41:30,587{GMT}	INFO	[jepsen node ec2-18-194-52-75.eu-central-1.compute.amazonaws.com] jepsen.os.debian: ec2-18-194-52-75.eu-central-1.compute.amazonaws.com setting up debian
2017-09-20 13:41:30,588{GMT}	INFO	[jepsen node ec2-35-156-80-2.eu-central-1.compute.amazonaws.com] jepsen.os.debian: ec2-35-156-80-2.eu-central-1.compute.amazonaws.com setting up debian
2017-09-20 13:41:30,589{GMT}	INFO	[jepsen node ec2-18-194-87-54.eu-central-1.compute.amazonaws.com] jepsen.os.debian: ec2-18-194-87-54.eu-central-1.compute.amazonaws.com setting up debian
2017-09-20 13:41:32,320{GMT}	INFO	[jepsen node ec2-35-156-80-2.eu-central-1.compute.amazonaws.com] jepsen.etcdemo: Tearing down etcd
2017-09-20 13:41:32,320{GMT}	INFO	[jepsen node ec2-35-156-80-2.eu-central-1.compute.amazonaws.com] jepsen.control.util: Stopping etcd
2017-09-20 13:41:32,320{GMT}	INFO	[jepsen node ec2-18-194-134-185.eu-central-1.compute.amazonaws.com] jepsen.etcdemo: Tearing down etcd
2017-09-20 13:41:32,320{GMT}	INFO	[jepsen node ec2-18-194-87-54.eu-central-1.compute.amazonaws.com] jepsen.etcdemo: Tearing down etcd
2017-09-20 13:41:32,320{GMT}	INFO	[jepsen node ec2-18-196-0-107.eu-central-1.compute.amazonaws.com] jepsen.etcdemo: Tearing down etcd
2017-09-20 13:41:32,321{GMT}	INFO	[jepsen node ec2-18-194-52-75.eu-central-1.compute.amazonaws.com] jepsen.etcdemo: Tearing down etcd
2017-09-20 13:41:32,322{GMT}	INFO	[jepsen node ec2-18-194-134-185.eu-central-1.compute.amazonaws.com] jepsen.control.util: Stopping etcd
2017-09-20 13:41:32,322{GMT}	INFO	[jepsen node ec2-18-194-87-54.eu-central-1.compute.amazonaws.com] jepsen.control.util: Stopping etcd
2017-09-20 13:41:32,322{GMT}	INFO	[jepsen node ec2-18-196-0-107.eu-central-1.compute.amazonaws.com] jepsen.control.util: Stopping etcd
2017-09-20 13:41:32,322{GMT}	INFO	[jepsen node ec2-18-194-52-75.eu-central-1.compute.amazonaws.com] jepsen.control.util: Stopping etcd
2017-09-20 13:41:32,626{GMT}	INFO	[jepsen node ec2-18-196-0-107.eu-central-1.compute.amazonaws.com] jepsen.etcdemo: Setting up etcd
2017-09-20 13:41:32,627{GMT}	INFO	[jepsen node ec2-18-194-134-185.eu-central-1.compute.amazonaws.com] jepsen.etcdemo: Setting up etcd
2017-09-20 13:41:32,628{GMT}	INFO	[jepsen node ec2-35-156-80-2.eu-central-1.compute.amazonaws.com] jepsen.etcdemo: Setting up etcd
2017-09-20 13:41:32,628{GMT}	INFO	[jepsen node ec2-18-194-52-75.eu-central-1.compute.amazonaws.com] jepsen.etcdemo: Setting up etcd
2017-09-20 13:41:32,629{GMT}	INFO	[jepsen node ec2-18-194-87-54.eu-central-1.compute.amazonaws.com] jepsen.etcdemo: Setting up etcd
2017-09-20 13:41:34,043{GMT}	INFO	[jepsen node ec2-18-194-134-185.eu-central-1.compute.amazonaws.com] jepsen.control.util: starting etcd
2017-09-20 13:41:34,044{GMT}	INFO	[jepsen node ec2-18-196-0-107.eu-central-1.compute.amazonaws.com] jepsen.control.util: starting etcd
2017-09-20 13:41:34,045{GMT}	INFO	[jepsen node ec2-18-194-52-75.eu-central-1.compute.amazonaws.com] jepsen.control.util: starting etcd
2017-09-20 13:41:34,046{GMT}	INFO	[jepsen node ec2-35-156-80-2.eu-central-1.compute.amazonaws.com] jepsen.control.util: starting etcd
2017-09-20 13:41:34,047{GMT}	INFO	[jepsen node ec2-18-194-87-54.eu-central-1.compute.amazonaws.com] jepsen.control.util: starting etcd
2017-09-20 13:41:39,255{GMT}	INFO	[jepsen nemesis] jepsen.core: Nemesis starting
2017-09-20 13:41:39,255{GMT}	INFO	[jepsen nemesis] jepsen.core: nemesis done
2017-09-20 13:41:39,256{GMT}	INFO	[jepsen worker 0] jepsen.core: Worker 0 starting
2017-09-20 13:41:39,256{GMT}	INFO	[jepsen worker 2] jepsen.core: Worker 2 starting
2017-09-20 13:41:39,256{GMT}	INFO	[jepsen worker 3] jepsen.core: Worker 3 starting
2017-09-20 13:41:39,257{GMT}	INFO	[jepsen worker 1] jepsen.core: Worker 1 starting
2017-09-20 13:41:39,257{GMT}	INFO	[jepsen worker 4] jepsen.core: Worker 4 starting
2017-09-20 13:41:39,615{GMT}	INFO	[jepsen worker 3] jepsen.util: 3	:invoke	:cas	[3 1]
2017-09-20 13:41:39,712{GMT}	INFO	[jepsen worker 3] jepsen.util: 3	:fail	:cas	[3 1]	:not-found
2017-09-20 13:41:40,215{GMT}	INFO	[jepsen worker 1] jepsen.util: 1	:invoke	:read	nil
2017-09-20 13:41:40,221{GMT}	INFO	[jepsen worker 1] jepsen.util: 1	:ok	:read	nil
2017-09-20 13:41:40,257{GMT}	INFO	[jepsen worker 1] jepsen.util: 1	:invoke	:cas	[1 3]
2017-09-20 13:41:40,263{GMT}	INFO	[jepsen worker 1] jepsen.util: 1	:fail	:cas	[1 3]	:not-found
2017-09-20 13:41:40,268{GMT}	INFO	[jepsen worker 0] jepsen.util: 0	:invoke	:cas	[0 3]
2017-09-20 13:41:40,273{GMT}	INFO	[jepsen worker 0] jepsen.util: 0	:fail	:cas	[0 3]	:not-found
2017-09-20 13:41:40,580{GMT}	INFO	[jepsen worker 4] jepsen.util: 4	:invoke	:write	4
2017-09-20 13:41:40,590{GMT}	INFO	[jepsen worker 4] jepsen.util: 4	:ok	:write	4
2017-09-20 13:41:40,639{GMT}	INFO	[jepsen worker 1] jepsen.util: 1	:invoke	:read	nil
2017-09-20 13:41:40,643{GMT}	INFO	[jepsen worker 1] jepsen.util: 1	:ok	:read	4
2017-09-20 13:41:40,752{GMT}	INFO	[jepsen worker 4] jepsen.util: 4	:invoke	:cas	[4 3]
2017-09-20 13:41:40,757{GMT}	INFO	[jepsen worker 4] jepsen.util: 4	:ok	:cas	[4 3]
2017-09-20 13:41:40,758{GMT}	INFO	[jepsen worker 2] jepsen.util: 2	:invoke	:write	1
2017-09-20 13:41:40,763{GMT}	INFO	[jepsen worker 2] jepsen.util: 2	:ok	:write	1
2017-09-20 13:41:40,956{GMT}	INFO	[jepsen worker 0] jepsen.util: 0	:invoke	:write	0
2017-09-20 13:41:40,962{GMT}	INFO	[jepsen worker 0] jepsen.util: 0	:ok	:write	0
2017-09-20 13:41:41,377{GMT}	INFO	[jepsen worker 0] jepsen.util: 0	:invoke	:cas	[2 3]
2017-09-20 13:41:41,384{GMT}	INFO	[jepsen worker 0] jepsen.util: 0	:fail	:cas	[2 3]
2017-09-20 13:41:41,557{GMT}	INFO	[jepsen worker 0] jepsen.util: 0	:invoke	:write	2
2017-09-20 13:41:41,563{GMT}	INFO	[jepsen worker 0] jepsen.util: 0	:ok	:write	2
2017-09-20 13:41:41,574{GMT}	INFO	[jepsen worker 1] jepsen.util: 1	:invoke	:cas	[0 0]
2017-09-20 13:41:41,575{GMT}	INFO	[jepsen worker 3] jepsen.util: 3	:invoke	:read	nil
2017-09-20 13:41:41,578{GMT}	INFO	[jepsen worker 3] jepsen.util: 3	:ok	:read	2
2017-09-20 13:41:41,580{GMT}	INFO	[jepsen worker 1] jepsen.util: 1	:fail	:cas	[0 0]
2017-09-20 13:41:42,016{GMT}	INFO	[jepsen worker 4] jepsen.util: 4	:invoke	:write	1
2017-09-20 13:41:42,022{GMT}	INFO	[jepsen worker 4] jepsen.util: 4	:ok	:write	1
2017-09-20 13:41:42,404{GMT}	INFO	[jepsen worker 3] jepsen.util: 3	:invoke	:cas	[4 2]
2017-09-20 13:41:42,419{GMT}	INFO	[jepsen worker 3] jepsen.util: 3	:fail	:cas	[4 2]
2017-09-20 13:41:42,448{GMT}	INFO	[jepsen worker 4] jepsen.util: 4	:invoke	:read	nil
2017-09-20 13:41:42,452{GMT}	INFO	[jepsen worker 4] jepsen.util: 4	:ok	:read	1
2017-09-20 13:41:42,533{GMT}	INFO	[jepsen worker 2] jepsen.util: 2	:invoke	:read	nil
2017-09-20 13:41:42,547{GMT}	INFO	[jepsen worker 2] jepsen.util: 2	:ok	:read	1
2017-09-20 13:41:42,728{GMT}	INFO	[jepsen worker 1] jepsen.util: 1	:invoke	:read	nil
2017-09-20 13:41:42,731{GMT}	INFO	[jepsen worker 1] jepsen.util: 1	:ok	:read	1
2017-09-20 13:41:42,970{GMT}	INFO	[jepsen worker 0] jepsen.util: 0	:invoke	:write	3
2017-09-20 13:41:42,975{GMT}	INFO	[jepsen worker 0] jepsen.util: 0	:ok	:write	3
2017-09-20 13:41:43,112{GMT}	INFO	[jepsen worker 0] jepsen.util: 0	:invoke	:write	0
2017-09-20 13:41:43,117{GMT}	INFO	[jepsen worker 0] jepsen.util: 0	:ok	:write	0
2017-09-20 13:41:43,144{GMT}	INFO	[jepsen worker 3] jepsen.util: 3	:invoke	:write	2
2017-09-20 13:41:43,149{GMT}	INFO	[jepsen worker 3] jepsen.util: 3	:ok	:write	2
2017-09-20 13:41:43,538{GMT}	INFO	[jepsen worker 4] jepsen.util: 4	:invoke	:write	1
2017-09-20 13:41:43,546{GMT}	INFO	[jepsen worker 4] jepsen.util: 4	:ok	:write	1
2017-09-20 13:41:44,255{GMT}	INFO	[jepsen worker 2] jepsen.util: 2	:invoke	:read	nil
2017-09-20 13:41:44,258{GMT}	INFO	[jepsen worker 2] jepsen.util: 2	:ok	:read	1
2017-09-20 13:41:44,401{GMT}	INFO	[jepsen worker 3] jepsen.util: 3	:invoke	:write	4
2017-09-20 13:41:44,406{GMT}	INFO	[jepsen worker 3] jepsen.util: 3	:ok	:write	4
2017-09-20 13:41:44,528{GMT}	INFO	[jepsen worker 1] jepsen.util: 1	:invoke	:read	nil
2017-09-20 13:41:44,531{GMT}	INFO	[jepsen worker 1] jepsen.util: 1	:ok	:read	4
2017-09-20 13:41:44,675{GMT}	INFO	[jepsen worker 2] jepsen.util: 2	:invoke	:cas	[0 1]
2017-09-20 13:41:44,682{GMT}	INFO	[jepsen worker 2] jepsen.util: 2	:fail	:cas	[0 1]
2017-09-20 13:41:44,858{GMT}	INFO	[jepsen worker 0] jepsen.util: 0	:invoke	:write	0
2017-09-20 13:41:44,864{GMT}	INFO	[jepsen worker 0] jepsen.util: 0	:ok	:write	0
2017-09-20 13:41:45,032{GMT}	INFO	[jepsen worker 3] jepsen.util: 3	:invoke	:read	nil
2017-09-20 13:41:45,036{GMT}	INFO	[jepsen worker 3] jepsen.util: 3	:ok	:read	0
2017-09-20 13:41:45,379{GMT}	INFO	[jepsen worker 4] jepsen.util: 4	:invoke	:write	3
2017-09-20 13:41:45,384{GMT}	INFO	[jepsen worker 4] jepsen.util: 4	:ok	:write	3
2017-09-20 13:41:45,631{GMT}	INFO	[jepsen worker 3] jepsen.util: 3	:invoke	:read	nil
2017-09-20 13:41:45,635{GMT}	INFO	[jepsen worker 3] jepsen.util: 3	:ok	:read	3
2017-09-20 13:41:45,957{GMT}	INFO	[jepsen worker 0] jepsen.util: 0	:invoke	:cas	[4 2]
2017-09-20 13:41:45,964{GMT}	INFO	[jepsen worker 0] jepsen.util: 0	:fail	:cas	[4 2]
2017-09-20 13:41:46,441{GMT}	INFO	[jepsen worker 1] jepsen.util: 1	:invoke	:cas	[2 4]
2017-09-20 13:41:46,447{GMT}	INFO	[jepsen worker 1] jepsen.util: 1	:fail	:cas	[2 4]
2017-09-20 13:41:46,535{GMT}	INFO	[jepsen worker 2] jepsen.util: 2	:invoke	:cas	[1 2]
2017-09-20 13:41:46,540{GMT}	INFO	[jepsen worker 2] jepsen.util: 2	:fail	:cas	[1 2]
2017-09-20 13:41:46,899{GMT}	INFO	[jepsen worker 3] jepsen.util: 3	:invoke	:read	nil
2017-09-20 13:41:46,902{GMT}	INFO	[jepsen worker 3] jepsen.util: 3	:ok	:read	3
2017-09-20 13:41:47,299{GMT}	INFO	[jepsen worker 4] jepsen.util: 4	:invoke	:write	3
2017-09-20 13:41:47,305{GMT}	INFO	[jepsen worker 4] jepsen.util: 4	:ok	:write	3
2017-09-20 13:41:47,629{GMT}	INFO	[jepsen worker 0] jepsen.util: 0	:invoke	:write	1
2017-09-20 13:41:47,636{GMT}	INFO	[jepsen worker 0] jepsen.util: 0	:ok	:write	1
2017-09-20 13:41:47,698{GMT}	INFO	[jepsen worker 1] jepsen.util: 1	:invoke	:write	4
2017-09-20 13:41:47,703{GMT}	INFO	[jepsen worker 1] jepsen.util: 1	:ok	:write	4
2017-09-20 13:41:48,111{GMT}	INFO	[jepsen worker 0] jepsen.util: 0	:invoke	:read	nil
2017-09-20 13:41:48,114{GMT}	INFO	[jepsen worker 0] jepsen.util: 0	:ok	:read	4
2017-09-20 13:41:48,239{GMT}	INFO	[jepsen worker 2] jepsen.util: 2	:invoke	:cas	[4 3]
2017-09-20 13:41:48,244{GMT}	INFO	[jepsen worker 2] jepsen.util: 2	:ok	:cas	[4 3]
2017-09-20 13:41:48,301{GMT}	INFO	[jepsen worker 3] jepsen.util: 3	:invoke	:write	1
2017-09-20 13:41:48,305{GMT}	INFO	[jepsen worker 4] jepsen.util: 4	:invoke	:write	1
2017-09-20 13:41:48,306{GMT}	INFO	[jepsen worker 3] jepsen.util: 3	:ok	:write	1
2017-09-20 13:41:48,310{GMT}	INFO	[jepsen worker 4] jepsen.util: 4	:ok	:write	1
2017-09-20 13:41:48,665{GMT}	INFO	[jepsen worker 0] jepsen.util: 0	:invoke	:cas	[0 0]
2017-09-20 13:41:48,671{GMT}	INFO	[jepsen worker 0] jepsen.util: 0	:fail	:cas	[0 0]
2017-09-20 13:41:48,706{GMT}	INFO	[jepsen worker 1] jepsen.util: 1	:invoke	:write	1
2017-09-20 13:41:48,711{GMT}	INFO	[jepsen worker 1] jepsen.util: 1	:ok	:write	1
2017-09-20 13:41:48,834{GMT}	INFO	[jepsen worker 3] jepsen.util: 3	:invoke	:read	nil
2017-09-20 13:41:48,836{GMT}	INFO	[jepsen worker 3] jepsen.util: 3	:ok	:read	1
2017-09-20 13:41:49,745{GMT}	INFO	[jepsen worker 3] jepsen.util: 3	:invoke	:read	nil
2017-09-20 13:41:49,748{GMT}	INFO	[jepsen worker 3] jepsen.util: 3	:ok	:read	1
2017-09-20 13:41:49,876{GMT}	INFO	[jepsen worker 4] jepsen.util: 4	:invoke	:cas	[2 4]
2017-09-20 13:41:49,877{GMT}	INFO	[jepsen worker 3] jepsen.util: 3	:invoke	:write	2
2017-09-20 13:41:49,882{GMT}	INFO	[jepsen worker 3] jepsen.util: 3	:ok	:write	2
2017-09-20 13:41:49,883{GMT}	INFO	[jepsen worker 4] jepsen.util: 4	:fail	:cas	[2 4]
2017-09-20 13:41:50,228{GMT}	INFO	[jepsen worker 2] jepsen.util: 2	:invoke	:write	0
2017-09-20 13:41:50,233{GMT}	INFO	[jepsen worker 2] jepsen.util: 2	:ok	:write	0
2017-09-20 13:41:50,253{GMT}	INFO	[jepsen worker 1] jepsen.util: 1	:invoke	:cas	[1 0]
2017-09-20 13:41:50,258{GMT}	INFO	[jepsen worker 1] jepsen.util: 1	:fail	:cas	[1 0]
2017-09-20 13:41:50,289{GMT}	INFO	[jepsen worker 1] jepsen.util: 1	:invoke	:read	nil
2017-09-20 13:41:50,291{GMT}	INFO	[jepsen worker 1] jepsen.util: 1	:ok	:read	0
2017-09-20 13:41:50,299{GMT}	INFO	[jepsen worker 2] jepsen.util: 2	:invoke	:read	nil
2017-09-20 13:41:50,302{GMT}	INFO	[jepsen worker 2] jepsen.util: 2	:ok	:read	0
2017-09-20 13:41:50,519{GMT}	INFO	[jepsen worker 1] jepsen.util: 1	:invoke	:read	nil
2017-09-20 13:41:50,521{GMT}	INFO	[jepsen worker 1] jepsen.util: 1	:ok	:read	0
2017-09-20 13:41:50,550{GMT}	INFO	[jepsen worker 0] jepsen.util: 0	:invoke	:write	3
2017-09-20 13:41:50,555{GMT}	INFO	[jepsen worker 0] jepsen.util: 0	:ok	:write	3
2017-09-20 13:41:51,025{GMT}	INFO	[jepsen worker 4] jepsen.util: 4	:invoke	:read	nil
2017-09-20 13:41:51,028{GMT}	INFO	[jepsen worker 4] jepsen.util: 4	:ok	:read	3
2017-09-20 13:41:51,215{GMT}	INFO	[jepsen worker 1] jepsen.util: 1	:invoke	:write	2
2017-09-20 13:41:51,220{GMT}	INFO	[jepsen worker 1] jepsen.util: 1	:ok	:write	2
2017-09-20 13:41:51,430{GMT}	INFO	[jepsen worker 2] jepsen.util: 2	:invoke	:read	nil
2017-09-20 13:41:51,433{GMT}	INFO	[jepsen worker 2] jepsen.util: 2	:ok	:read	2
2017-09-20 13:41:51,664{GMT}	INFO	[jepsen worker 3] jepsen.util: 3	:invoke	:write	1
2017-09-20 13:41:51,669{GMT}	INFO	[jepsen worker 3] jepsen.util: 3	:ok	:write	1
2017-09-20 13:41:51,674{GMT}	INFO	[jepsen worker 0] jepsen.util: 0	:invoke	:cas	[0 0]
2017-09-20 13:41:51,679{GMT}	INFO	[jepsen worker 0] jepsen.util: 0	:fail	:cas	[0 0]
2017-09-20 13:41:52,334{GMT}	INFO	[jepsen worker 1] jepsen.util: 1	:invoke	:read	nil
2017-09-20 13:41:52,336{GMT}	INFO	[jepsen worker 1] jepsen.util: 1	:ok	:read	1
2017-09-20 13:41:52,401{GMT}	INFO	[jepsen worker 4] jepsen.util: 4	:invoke	:write	3
2017-09-20 13:41:52,405{GMT}	INFO	[jepsen worker 4] jepsen.util: 4	:ok	:write	3
2017-09-20 13:41:52,705{GMT}	INFO	[jepsen worker 2] jepsen.util: 2	:invoke	:cas	[1 0]
2017-09-20 13:41:52,711{GMT}	INFO	[jepsen worker 2] jepsen.util: 2	:fail	:cas	[1 0]
2017-09-20 13:41:52,860{GMT}	INFO	[jepsen worker 0] jepsen.util: 0	:invoke	:read	nil
2017-09-20 13:41:52,863{GMT}	INFO	[jepsen worker 0] jepsen.util: 0	:ok	:read	3
2017-09-20 13:41:53,430{GMT}	INFO	[jepsen worker 3] jepsen.util: 3	:invoke	:cas	[3 2]
2017-09-20 13:41:53,436{GMT}	INFO	[jepsen worker 3] jepsen.util: 3	:ok	:cas	[3 2]
2017-09-20 13:41:53,568{GMT}	INFO	[jepsen worker 4] jepsen.util: 4	:invoke	:cas	[3 2]
2017-09-20 13:41:53,574{GMT}	INFO	[jepsen worker 4] jepsen.util: 4	:fail	:cas	[3 2]
2017-09-20 13:41:53,794{GMT}	INFO	[jepsen worker 0] jepsen.util: 0	:invoke	:write	2
2017-09-20 13:41:53,801{GMT}	INFO	[jepsen worker 0] jepsen.util: 0	:ok	:write	2
2017-09-20 13:41:53,806{GMT}	INFO	[jepsen worker 1] jepsen.util: 1	:invoke	:write	2
2017-09-20 13:41:53,810{GMT}	INFO	[jepsen worker 1] jepsen.util: 1	:ok	:write	2
2017-09-20 13:41:54,351{GMT}	INFO	[jepsen worker 4] jepsen.util: 4	:invoke	:write	2
2017-09-20 13:41:54,362{GMT}	INFO	[jepsen worker 4] jepsen.util: 4	:ok	:write	2
2017-09-20 13:41:54,362{GMT}	INFO	[jepsen worker 4] jepsen.core: Worker 4 done
2017-09-20 13:41:54,400{GMT}	INFO	[jepsen worker 0] jepsen.util: 0	:invoke	:write	2
2017-09-20 13:41:54,407{GMT}	INFO	[jepsen worker 0] jepsen.util: 0	:ok	:write	2
2017-09-20 13:41:54,407{GMT}	INFO	[jepsen worker 0] jepsen.core: Worker 0 done
2017-09-20 13:41:54,680{GMT}	INFO	[jepsen worker 2] jepsen.util: 2	:invoke	:read	nil
2017-09-20 13:41:54,684{GMT}	INFO	[jepsen worker 2] jepsen.util: 2	:ok	:read	2
2017-09-20 13:41:54,684{GMT}	INFO	[jepsen worker 2] jepsen.core: Worker 2 done
2017-09-20 13:41:54,698{GMT}	INFO	[jepsen worker 1] jepsen.util: 1	:invoke	:cas	[3 3]
2017-09-20 13:41:54,703{GMT}	INFO	[jepsen worker 1] jepsen.util: 1	:fail	:cas	[3 3]
2017-09-20 13:41:54,703{GMT}	INFO	[jepsen worker 1] jepsen.core: Worker 1 done
2017-09-20 13:41:54,865{GMT}	INFO	[jepsen worker 3] jepsen.util: 3	:invoke	:write	2
2017-09-20 13:41:54,870{GMT}	INFO	[jepsen worker 3] jepsen.util: 3	:ok	:write	2
2017-09-20 13:41:54,870{GMT}	INFO	[jepsen worker 3] jepsen.core: Worker 3 done
2017-09-20 13:41:54,870{GMT}	INFO	[jepsen test runner] jepsen.core: Waiting for nemesis to complete
2017-09-20 13:41:54,871{GMT}	INFO	[jepsen test runner] jepsen.core: nemesis done.
2017-09-20 13:41:54,871{GMT}	INFO	[jepsen test runner] jepsen.core: Tearing down nemesis
2017-09-20 13:41:54,871{GMT}	INFO	[jepsen test runner] jepsen.core: Nemesis torn down
2017-09-20 13:41:54,872{GMT}	INFO	[jepsen test runner] jepsen.core: Snarfing log files
2017-09-20 13:41:54,874{GMT}	INFO	[jepsen node ec2-35-156-80-2.eu-central-1.compute.amazonaws.com] jepsen.core: downloading /opt/etcd/etcd.log to etcd.log
2017-09-20 13:41:54,875{GMT}	INFO	[jepsen node ec2-18-196-0-107.eu-central-1.compute.amazonaws.com] jepsen.core: downloading /opt/etcd/etcd.log to etcd.log
2017-09-20 13:41:54,875{GMT}	INFO	[jepsen node ec2-18-194-87-54.eu-central-1.compute.amazonaws.com] jepsen.core: downloading /opt/etcd/etcd.log to etcd.log
2017-09-20 13:41:54,875{GMT}	INFO	[jepsen node ec2-18-194-52-75.eu-central-1.compute.amazonaws.com] jepsen.core: downloading /opt/etcd/etcd.log to etcd.log
2017-09-20 13:41:54,878{GMT}	INFO	[jepsen node ec2-18-194-134-185.eu-central-1.compute.amazonaws.com] jepsen.core: downloading /opt/etcd/etcd.log to etcd.log
2017-09-20 13:41:54,894{GMT}	INFO	[jepsen test runner] jepsen.core: Run complete, writing
2017-09-20 13:41:54,927{GMT}	INFO	[jepsen node ec2-18-194-52-75.eu-central-1.compute.amazonaws.com] jepsen.etcdemo: Tearing down etcd
2017-09-20 13:41:54,927{GMT}	INFO	[jepsen node ec2-18-196-0-107.eu-central-1.compute.amazonaws.com] jepsen.etcdemo: Tearing down etcd
2017-09-20 13:41:54,927{GMT}	INFO	[jepsen node ec2-18-194-52-75.eu-central-1.compute.amazonaws.com] jepsen.control.util: Stopping etcd
2017-09-20 13:41:54,927{GMT}	INFO	[jepsen node ec2-18-196-0-107.eu-central-1.compute.amazonaws.com] jepsen.control.util: Stopping etcd
2017-09-20 13:41:54,928{GMT}	INFO	[jepsen node ec2-35-156-80-2.eu-central-1.compute.amazonaws.com] jepsen.etcdemo: Tearing down etcd
2017-09-20 13:41:54,928{GMT}	INFO	[jepsen node ec2-18-194-134-185.eu-central-1.compute.amazonaws.com] jepsen.etcdemo: Tearing down etcd
2017-09-20 13:41:54,927{GMT}	INFO	[jepsen node ec2-18-194-87-54.eu-central-1.compute.amazonaws.com] jepsen.etcdemo: Tearing down etcd
2017-09-20 13:41:54,928{GMT}	INFO	[jepsen node ec2-35-156-80-2.eu-central-1.compute.amazonaws.com] jepsen.control.util: Stopping etcd
2017-09-20 13:41:54,928{GMT}	INFO	[jepsen node ec2-18-194-134-185.eu-central-1.compute.amazonaws.com] jepsen.control.util: Stopping etcd
2017-09-20 13:41:54,928{GMT}	INFO	[jepsen node ec2-18-194-87-54.eu-central-1.compute.amazonaws.com] jepsen.control.util: Stopping etcd
2017-09-20 13:41:55,243{GMT}	INFO	[jepsen test runner] jepsen.core: Analyzing
2017-09-20 13:41:55,243{GMT}	INFO	[jepsen test runner] jepsen.core: Analysis complete
2017-09-20 13:41:55,245{GMT}	INFO	[jepsen results] jepsen.store: Wrote /home/admin/jepsen.etcdemo/store/etcdemo/20170920T134129.000Z/results.edn
2017-09-20 13:41:55,248{GMT}	INFO	[main] jepsen.core: {:valid? true}


Everything looks good! ヽ(‘ー`)ノ
